2024-04-16T04:06:53.495+0530 [DEBUG] [org.gradle.launcher.daemon.bootstrap.DaemonMain] Assuming the daemon was started with following jvm opts: [--add-opens=java.base/java.util=ALL-UNNAMED, --add-opens=java.base/java.lang=ALL-UNNAMED, --add-opens=java.base/java.lang.invoke=ALL-UNNAMED, --add-opens=java.prefs/java.util.prefs=ALL-UNNAMED, --add-opens=java.base/java.nio.charset=ALL-UNNAMED, --add-opens=java.base/java.net=ALL-UNNAMED, --add-opens=java.base/java.util.concurrent.atomic=ALL-UNNAMED, -Xmx2048m, -Dfile.encoding=UTF-8, -Duser.country=IN, -Duser.language=en, -Duser.variant]
2024-04-16T04:06:53.627+0530 [DEBUG] [org.gradle.internal.nativeintegration.services.NativeServices] Native-platform posix files integration is not available. Continuing with fallback.
2024-04-16T04:06:53.640+0530 [INFO] [org.gradle.launcher.daemon.server.Daemon] start() called on daemon - DefaultDaemonContext[uid=7108db64-9561-479f-b38f-a42c669309c5,javaHome=D:\Android\jbr,daemonRegistryDir=C:\Users\DELL\Videos\YashProject\AdminCollegeAPP\daemon,pid=20212,idleTimeout=10800000,priority=NORMAL,applyInstrumentationAgent=true,daemonOpts=--add-opens=java.base/java.util=ALL-UNNAMED,--add-opens=java.base/java.lang=ALL-UNNAMED,--add-opens=java.base/java.lang.invoke=ALL-UNNAMED,--add-opens=java.prefs/java.util.prefs=ALL-UNNAMED,--add-opens=java.base/java.nio.charset=ALL-UNNAMED,--add-opens=java.base/java.net=ALL-UNNAMED,--add-opens=java.base/java.util.concurrent.atomic=ALL-UNNAMED,-Xmx2048m,-Dfile.encoding=UTF-8,-Duser.country=IN,-Duser.language=en,-Duser.variant]
2024-04-16T04:06:53.704+0530 [DEBUG] [org.gradle.internal.remote.internal.inet.InetAddresses] Adding IP addresses for network interface Software Loopback Interface 1
2024-04-16T04:06:53.706+0530 [DEBUG] [org.gradle.internal.remote.internal.inet.InetAddresses] Is this a loopback interface? true
2024-04-16T04:06:53.706+0530 [DEBUG] [org.gradle.internal.remote.internal.inet.InetAddresses] Adding loopback address /127.0.0.1
2024-04-16T04:06:53.706+0530 [DEBUG] [org.gradle.internal.remote.internal.inet.InetAddresses] Adding loopback address /0:0:0:0:0:0:0:1
2024-04-16T04:06:53.707+0530 [DEBUG] [org.gradle.internal.remote.internal.inet.InetAddresses] Adding IP addresses for network interface Microsoft 6to4 Adapter
2024-04-16T04:06:53.709+0530 [DEBUG] [org.gradle.internal.remote.internal.inet.InetAddresses] Is this a loopback interface? false
2024-04-16T04:06:53.709+0530 [DEBUG] [org.gradle.internal.remote.internal.inet.InetAddresses] Adding IP addresses for network interface MediaTek Wi-Fi 6 MT7921 Wireless LAN Card
2024-04-16T04:06:53.710+0530 [DEBUG] [org.gradle.internal.remote.internal.inet.InetAddresses] Is this a loopback interface? false
2024-04-16T04:06:53.711+0530 [DEBUG] [org.gradle.internal.remote.internal.inet.InetAddresses] Adding remote address /192.168.1.6
2024-04-16T04:06:53.711+0530 [DEBUG] [org.gradle.internal.remote.internal.inet.InetAddresses] Adding remote address /fe80:0:0:0:e73a:69b0:d3d2:8dbd%wlan0
2024-04-16T04:06:53.711+0530 [DEBUG] [org.gradle.internal.remote.internal.inet.InetAddresses] Adding IP addresses for network interface Microsoft Wi-Fi Direct Virtual Adapter #2
2024-04-16T04:06:53.713+0530 [DEBUG] [org.gradle.internal.remote.internal.inet.InetAddresses] Is this a loopback interface? false
2024-04-16T04:06:53.713+0530 [DEBUG] [org.gradle.internal.remote.internal.inet.InetAddresses] Adding IP addresses for network interface Microsoft IP-HTTPS Platform Adapter
2024-04-16T04:06:53.715+0530 [DEBUG] [org.gradle.internal.remote.internal.inet.InetAddresses] Is this a loopback interface? false
2024-04-16T04:06:53.715+0530 [DEBUG] [org.gradle.internal.remote.internal.inet.InetAddresses] Adding IP addresses for network interface Microsoft Wi-Fi Direct Virtual Adapter
2024-04-16T04:06:53.717+0530 [DEBUG] [org.gradle.internal.remote.internal.inet.InetAddresses] Is this a loopback interface? false
2024-04-16T04:06:53.717+0530 [DEBUG] [org.gradle.internal.remote.internal.inet.InetAddresses] Adding IP addresses for network interface WAN Miniport (IKEv2)
2024-04-16T04:06:53.718+0530 [DEBUG] [org.gradle.internal.remote.internal.inet.InetAddresses] Is this a loopback interface? false
2024-04-16T04:06:53.719+0530 [DEBUG] [org.gradle.internal.remote.internal.inet.InetAddresses] Adding IP addresses for network interface RAS Async Adapter
2024-04-16T04:06:53.720+0530 [DEBUG] [org.gradle.internal.remote.internal.inet.InetAddresses] Is this a loopback interface? false
2024-04-16T04:06:53.720+0530 [DEBUG] [org.gradle.internal.remote.internal.inet.InetAddresses] Adding IP addresses for network interface Microsoft Wi-Fi Direct Virtual Adapter #4
2024-04-16T04:06:53.722+0530 [DEBUG] [org.gradle.internal.remote.internal.inet.InetAddresses] Is this a loopback interface? false
2024-04-16T04:06:53.722+0530 [DEBUG] [org.gradle.internal.remote.internal.inet.InetAddresses] Adding remote address /192.168.137.1
2024-04-16T04:06:53.722+0530 [DEBUG] [org.gradle.internal.remote.internal.inet.InetAddresses] Adding remote address /fe80:0:0:0:99dc:7fcf:d305:1317%wlan3
2024-04-16T04:06:53.722+0530 [DEBUG] [org.gradle.internal.remote.internal.inet.InetAddresses] Adding IP addresses for network interface Microsoft Wi-Fi Direct Virtual Adapter #3
2024-04-16T04:06:53.724+0530 [DEBUG] [org.gradle.internal.remote.internal.inet.InetAddresses] Is this a loopback interface? false
2024-04-16T04:06:53.724+0530 [DEBUG] [org.gradle.internal.remote.internal.inet.InetAddresses] Adding remote address /fe80:0:0:0:dfa0:c649:ba8d:d6c8%wlan4
2024-04-16T04:06:53.724+0530 [DEBUG] [org.gradle.internal.remote.internal.inet.InetAddresses] Adding IP addresses for network interface WAN Miniport (IPv6)
2024-04-16T04:06:53.726+0530 [DEBUG] [org.gradle.internal.remote.internal.inet.InetAddresses] Is this a loopback interface? false
2024-04-16T04:06:53.726+0530 [DEBUG] [org.gradle.internal.remote.internal.inet.InetAddresses] Adding IP addresses for network interface WAN Miniport (PPTP)
2024-04-16T04:06:53.727+0530 [DEBUG] [org.gradle.internal.remote.internal.inet.InetAddresses] Is this a loopback interface? false
2024-04-16T04:06:53.727+0530 [DEBUG] [org.gradle.internal.remote.internal.inet.InetAddresses] Adding IP addresses for network interface Realtek USB GbE Family Controller
2024-04-16T04:06:53.729+0530 [DEBUG] [org.gradle.internal.remote.internal.inet.InetAddresses] Is this a loopback interface? false
2024-04-16T04:06:53.729+0530 [DEBUG] [org.gradle.internal.remote.internal.inet.InetAddresses] Adding IP addresses for network interface WAN Miniport (Network Monitor)
2024-04-16T04:06:53.731+0530 [DEBUG] [org.gradle.internal.remote.internal.inet.InetAddresses] Is this a loopback interface? false
2024-04-16T04:06:53.731+0530 [DEBUG] [org.gradle.internal.remote.internal.inet.InetAddresses] Adding IP addresses for network interface WAN Miniport (PPPOE)
2024-04-16T04:06:53.733+0530 [DEBUG] [org.gradle.internal.remote.internal.inet.InetAddresses] Is this a loopback interface? false
2024-04-16T04:06:53.733+0530 [DEBUG] [org.gradle.internal.remote.internal.inet.InetAddresses] Adding IP addresses for network interface WAN Miniport (IP)
2024-04-16T04:06:53.734+0530 [DEBUG] [org.gradle.internal.remote.internal.inet.InetAddresses] Is this a loopback interface? false
2024-04-16T04:06:53.734+0530 [DEBUG] [org.gradle.internal.remote.internal.inet.InetAddresses] Adding IP addresses for network interface Microsoft Kernel Debug Network Adapter
2024-04-16T04:06:53.736+0530 [DEBUG] [org.gradle.internal.remote.internal.inet.InetAddresses] Is this a loopback interface? false
2024-04-16T04:06:53.736+0530 [DEBUG] [org.gradle.internal.remote.internal.inet.InetAddresses] Adding IP addresses for network interface Microsoft Teredo Tunneling Adapter
2024-04-16T04:06:53.738+0530 [DEBUG] [org.gradle.internal.remote.internal.inet.InetAddresses] Is this a loopback interface? false
2024-04-16T04:06:53.738+0530 [DEBUG] [org.gradle.internal.remote.internal.inet.InetAddresses] Adding IP addresses for network interface Bluetooth Device (Personal Area Network)
2024-04-16T04:06:53.739+0530 [DEBUG] [org.gradle.internal.remote.internal.inet.InetAddresses] Is this a loopback interface? false
2024-04-16T04:06:53.739+0530 [DEBUG] [org.gradle.internal.remote.internal.inet.InetAddresses] Adding remote address /fe80:0:0:0:4cfa:8552:a151:10a%eth5
2024-04-16T04:06:53.739+0530 [DEBUG] [org.gradle.internal.remote.internal.inet.InetAddresses] Adding IP addresses for network interface VirtualBox Host-Only Ethernet Adapter
2024-04-16T04:06:53.741+0530 [DEBUG] [org.gradle.internal.remote.internal.inet.InetAddresses] Is this a loopback interface? false
2024-04-16T04:06:53.741+0530 [DEBUG] [org.gradle.internal.remote.internal.inet.InetAddresses] Adding remote address /192.168.56.1
2024-04-16T04:06:53.741+0530 [DEBUG] [org.gradle.internal.remote.internal.inet.InetAddresses] Adding remote address /fe80:0:0:0:9b6e:d0e:6839:d062%eth6
2024-04-16T04:06:53.741+0530 [DEBUG] [org.gradle.internal.remote.internal.inet.InetAddresses] Adding IP addresses for network interface WAN Miniport (L2TP)
2024-04-16T04:06:53.743+0530 [DEBUG] [org.gradle.internal.remote.internal.inet.InetAddresses] Is this a loopback interface? false
2024-04-16T04:06:53.743+0530 [DEBUG] [org.gradle.internal.remote.internal.inet.InetAddresses] Adding IP addresses for network interface Remote NDIS Compatible Device
2024-04-16T04:06:53.745+0530 [DEBUG] [org.gradle.internal.remote.internal.inet.InetAddresses] Is this a loopback interface? false
2024-04-16T04:06:53.745+0530 [DEBUG] [org.gradle.internal.remote.internal.inet.InetAddresses] Adding IP addresses for network interface WAN Miniport (SSTP)
2024-04-16T04:06:53.746+0530 [DEBUG] [org.gradle.internal.remote.internal.inet.InetAddresses] Is this a loopback interface? false
2024-04-16T04:06:53.746+0530 [DEBUG] [org.gradle.internal.remote.internal.inet.InetAddresses] Adding IP addresses for network interface VirtualBox Host-Only Ethernet Adapter-WFP Native MAC Layer LightWeight Filter-0000
2024-04-16T04:06:53.748+0530 [DEBUG] [org.gradle.internal.remote.internal.inet.InetAddresses] Is this a loopback interface? false
2024-04-16T04:06:53.748+0530 [DEBUG] [org.gradle.internal.remote.internal.inet.InetAddresses] Adding IP addresses for network interface VirtualBox Host-Only Ethernet Adapter-QoS Packet Scheduler-0000
2024-04-16T04:06:53.749+0530 [DEBUG] [org.gradle.internal.remote.internal.inet.InetAddresses] Is this a loopback interface? false
2024-04-16T04:06:53.750+0530 [DEBUG] [org.gradle.internal.remote.internal.inet.InetAddresses] Adding IP addresses for network interface VirtualBox Host-Only Ethernet Adapter-WFP 802.3 MAC Layer LightWeight Filter-0000
2024-04-16T04:06:53.751+0530 [DEBUG] [org.gradle.internal.remote.internal.inet.InetAddresses] Is this a loopback interface? false
2024-04-16T04:06:53.751+0530 [DEBUG] [org.gradle.internal.remote.internal.inet.InetAddresses] Adding IP addresses for network interface MediaTek Wi-Fi 6 MT7921 Wireless LAN Card-WFP Native MAC Layer LightWeight Filter-0000
2024-04-16T04:06:53.753+0530 [DEBUG] [org.gradle.internal.remote.internal.inet.InetAddresses] Is this a loopback interface? false
2024-04-16T04:06:53.753+0530 [DEBUG] [org.gradle.internal.remote.internal.inet.InetAddresses] Adding IP addresses for network interface MediaTek Wi-Fi 6 MT7921 Wireless LAN Card-Virtual WiFi Filter Driver-0000
2024-04-16T04:06:53.754+0530 [DEBUG] [org.gradle.internal.remote.internal.inet.InetAddresses] Is this a loopback interface? false
2024-04-16T04:06:53.754+0530 [DEBUG] [org.gradle.internal.remote.internal.inet.InetAddresses] Adding IP addresses for network interface MediaTek Wi-Fi 6 MT7921 Wireless LAN Card-Native WiFi Filter Driver-0000
2024-04-16T04:06:53.756+0530 [DEBUG] [org.gradle.internal.remote.internal.inet.InetAddresses] Is this a loopback interface? false
2024-04-16T04:06:53.756+0530 [DEBUG] [org.gradle.internal.remote.internal.inet.InetAddresses] Adding IP addresses for network interface MediaTek Wi-Fi 6 MT7921 Wireless LAN Card-VirtualBox NDIS Light-Weight Filter-0000
2024-04-16T04:06:53.757+0530 [DEBUG] [org.gradle.internal.remote.internal.inet.InetAddresses] Is this a loopback interface? false
2024-04-16T04:06:53.758+0530 [DEBUG] [org.gradle.internal.remote.internal.inet.InetAddresses] Adding IP addresses for network interface MediaTek Wi-Fi 6 MT7921 Wireless LAN Card-QoS Packet Scheduler-0000
2024-04-16T04:06:53.759+0530 [DEBUG] [org.gradle.internal.remote.internal.inet.InetAddresses] Is this a loopback interface? false
2024-04-16T04:06:53.759+0530 [DEBUG] [org.gradle.internal.remote.internal.inet.InetAddresses] Adding IP addresses for network interface MediaTek Wi-Fi 6 MT7921 Wireless LAN Card-WFP 802.3 MAC Layer LightWeight Filter-0000
2024-04-16T04:06:53.761+0530 [DEBUG] [org.gradle.internal.remote.internal.inet.InetAddresses] Is this a loopback interface? false
2024-04-16T04:06:53.761+0530 [DEBUG] [org.gradle.internal.remote.internal.inet.InetAddresses] Adding IP addresses for network interface Microsoft Wi-Fi Direct Virtual Adapter #3-WFP Native MAC Layer LightWeight Filter-0000
2024-04-16T04:06:53.762+0530 [DEBUG] [org.gradle.internal.remote.internal.inet.InetAddresses] Is this a loopback interface? false
2024-04-16T04:06:53.762+0530 [DEBUG] [org.gradle.internal.remote.internal.inet.InetAddresses] Adding IP addresses for network interface Microsoft Wi-Fi Direct Virtual Adapter #3-Native WiFi Filter Driver-0000
2024-04-16T04:06:53.764+0530 [DEBUG] [org.gradle.internal.remote.internal.inet.InetAddresses] Is this a loopback interface? false
2024-04-16T04:06:53.764+0530 [DEBUG] [org.gradle.internal.remote.internal.inet.InetAddresses] Adding IP addresses for network interface Microsoft Wi-Fi Direct Virtual Adapter #3-VirtualBox NDIS Light-Weight Filter-0000
2024-04-16T04:06:53.765+0530 [DEBUG] [org.gradle.internal.remote.internal.inet.InetAddresses] Is this a loopback interface? false
2024-04-16T04:06:53.766+0530 [DEBUG] [org.gradle.internal.remote.internal.inet.InetAddresses] Adding IP addresses for network interface Microsoft Wi-Fi Direct Virtual Adapter #3-QoS Packet Scheduler-0000
2024-04-16T04:06:53.767+0530 [DEBUG] [org.gradle.internal.remote.internal.inet.InetAddresses] Is this a loopback interface? false
2024-04-16T04:06:53.767+0530 [DEBUG] [org.gradle.internal.remote.internal.inet.InetAddresses] Adding IP addresses for network interface Microsoft Wi-Fi Direct Virtual Adapter #3-WFP 802.3 MAC Layer LightWeight Filter-0000
2024-04-16T04:06:53.769+0530 [DEBUG] [org.gradle.internal.remote.internal.inet.InetAddresses] Is this a loopback interface? false
2024-04-16T04:06:53.769+0530 [DEBUG] [org.gradle.internal.remote.internal.inet.InetAddresses] Adding IP addresses for network interface Microsoft Wi-Fi Direct Virtual Adapter #4-WFP Native MAC Layer LightWeight Filter-0000
2024-04-16T04:06:53.770+0530 [DEBUG] [org.gradle.internal.remote.internal.inet.InetAddresses] Is this a loopback interface? false
2024-04-16T04:06:53.770+0530 [DEBUG] [org.gradle.internal.remote.internal.inet.InetAddresses] Adding IP addresses for network interface Microsoft Wi-Fi Direct Virtual Adapter #4-Native WiFi Filter Driver-0000
2024-04-16T04:06:53.772+0530 [DEBUG] [org.gradle.internal.remote.internal.inet.InetAddresses] Is this a loopback interface? false
2024-04-16T04:06:53.772+0530 [DEBUG] [org.gradle.internal.remote.internal.inet.InetAddresses] Adding IP addresses for network interface Microsoft Wi-Fi Direct Virtual Adapter #4-VirtualBox NDIS Light-Weight Filter-0000
2024-04-16T04:06:53.773+0530 [DEBUG] [org.gradle.internal.remote.internal.inet.InetAddresses] Is this a loopback interface? false
2024-04-16T04:06:53.773+0530 [DEBUG] [org.gradle.internal.remote.internal.inet.InetAddresses] Adding IP addresses for network interface Microsoft Wi-Fi Direct Virtual Adapter #4-QoS Packet Scheduler-0000
2024-04-16T04:06:53.775+0530 [DEBUG] [org.gradle.internal.remote.internal.inet.InetAddresses] Is this a loopback interface? false
2024-04-16T04:06:53.775+0530 [DEBUG] [org.gradle.internal.remote.internal.inet.InetAddresses] Adding IP addresses for network interface Microsoft Wi-Fi Direct Virtual Adapter #4-WFP 802.3 MAC Layer LightWeight Filter-0000
2024-04-16T04:06:53.776+0530 [DEBUG] [org.gradle.internal.remote.internal.inet.InetAddresses] Is this a loopback interface? false
2024-04-16T04:06:53.776+0530 [DEBUG] [org.gradle.internal.remote.internal.inet.InetAddresses] Adding IP addresses for network interface WAN Miniport (IP)-WFP Native MAC Layer LightWeight Filter-0000
2024-04-16T04:06:53.778+0530 [DEBUG] [org.gradle.internal.remote.internal.inet.InetAddresses] Is this a loopback interface? false
2024-04-16T04:06:53.778+0530 [DEBUG] [org.gradle.internal.remote.internal.inet.InetAddresses] Adding IP addresses for network interface WAN Miniport (IP)-QoS Packet Scheduler-0000
2024-04-16T04:06:53.779+0530 [DEBUG] [org.gradle.internal.remote.internal.inet.InetAddresses] Is this a loopback interface? false
2024-04-16T04:06:53.780+0530 [DEBUG] [org.gradle.internal.remote.internal.inet.InetAddresses] Adding IP addresses for network interface WAN Miniport (IPv6)-WFP Native MAC Layer LightWeight Filter-0000
2024-04-16T04:06:53.781+0530 [DEBUG] [org.gradle.internal.remote.internal.inet.InetAddresses] Is this a loopback interface? false
2024-04-16T04:06:53.781+0530 [DEBUG] [org.gradle.internal.remote.internal.inet.InetAddresses] Adding IP addresses for network interface WAN Miniport (IPv6)-QoS Packet Scheduler-0000
2024-04-16T04:06:53.783+0530 [DEBUG] [org.gradle.internal.remote.internal.inet.InetAddresses] Is this a loopback interface? false
2024-04-16T04:06:53.783+0530 [DEBUG] [org.gradle.internal.remote.internal.inet.InetAddresses] Adding IP addresses for network interface WAN Miniport (Network Monitor)-WFP Native MAC Layer LightWeight Filter-0000
2024-04-16T04:06:53.785+0530 [DEBUG] [org.gradle.internal.remote.internal.inet.InetAddresses] Is this a loopback interface? false
2024-04-16T04:06:53.785+0530 [DEBUG] [org.gradle.internal.remote.internal.inet.InetAddresses] Adding IP addresses for network interface WAN Miniport (Network Monitor)-QoS Packet Scheduler-0000
2024-04-16T04:06:53.786+0530 [DEBUG] [org.gradle.internal.remote.internal.inet.InetAddresses] Is this a loopback interface? false
2024-04-16T04:06:53.791+0530 [DEBUG] [org.gradle.internal.remote.internal.inet.TcpIncomingConnector] Listening on [572ec407-bc06-4837-9c12-4b7bbc31e966 port:58223, addresses:[localhost/127.0.0.1]].
2024-04-16T04:06:53.806+0530 [DEBUG] [org.gradle.launcher.daemon.server.Daemon] Daemon starting at: Tue Apr 16 04:06:53 IST 2024, with address: [572ec407-bc06-4837-9c12-4b7bbc31e966 port:58223, addresses:[localhost/127.0.0.1]]
2024-04-16T04:06:53.806+0530 [INFO] [org.gradle.launcher.daemon.server.DaemonRegistryUpdater] Advertising the daemon address to the clients: [572ec407-bc06-4837-9c12-4b7bbc31e966 port:58223, addresses:[localhost/127.0.0.1]]
2024-04-16T04:06:53.806+0530 [DEBUG] [org.gradle.launcher.daemon.server.DaemonRegistryUpdater] Advertised daemon context: DefaultDaemonContext[uid=7108db64-9561-479f-b38f-a42c669309c5,javaHome=D:\Android\jbr,daemonRegistryDir=C:\Users\DELL\Videos\YashProject\AdminCollegeAPP\daemon,pid=20212,idleTimeout=10800000,priority=NORMAL,applyInstrumentationAgent=true,daemonOpts=--add-opens=java.base/java.util=ALL-UNNAMED,--add-opens=java.base/java.lang=ALL-UNNAMED,--add-opens=java.base/java.lang.invoke=ALL-UNNAMED,--add-opens=java.prefs/java.util.prefs=ALL-UNNAMED,--add-opens=java.base/java.nio.charset=ALL-UNNAMED,--add-opens=java.base/java.net=ALL-UNNAMED,--add-opens=java.base/java.util.concurrent.atomic=ALL-UNNAMED,-Xmx2048m,-Dfile.encoding=UTF-8,-Duser.country=IN,-Duser.language=en,-Duser.variant]
2024-04-16T04:06:53.808+0530 [DEBUG] [org.gradle.launcher.daemon.registry.PersistentDaemonRegistry] Storing daemon address: [572ec407-bc06-4837-9c12-4b7bbc31e966 port:58223, addresses:[localhost/127.0.0.1]], context: DefaultDaemonContext[uid=7108db64-9561-479f-b38f-a42c669309c5,javaHome=D:\Android\jbr,daemonRegistryDir=C:\Users\DELL\Videos\YashProject\AdminCollegeAPP\daemon,pid=20212,idleTimeout=10800000,priority=NORMAL,applyInstrumentationAgent=true,daemonOpts=--add-opens=java.base/java.util=ALL-UNNAMED,--add-opens=java.base/java.lang=ALL-UNNAMED,--add-opens=java.base/java.lang.invoke=ALL-UNNAMED,--add-opens=java.prefs/java.util.prefs=ALL-UNNAMED,--add-opens=java.base/java.nio.charset=ALL-UNNAMED,--add-opens=java.base/java.net=ALL-UNNAMED,--add-opens=java.base/java.util.concurrent.atomic=ALL-UNNAMED,-Xmx2048m,-Dfile.encoding=UTF-8,-Duser.country=IN,-Duser.language=en,-Duser.variant]
2024-04-16T04:06:53.823+0530 [DEBUG] [org.gradle.cache.internal.DefaultFileLockManager] Waiting to acquire exclusive lock on daemon addresses registry.
2024-04-16T04:06:53.828+0530 [DEBUG] [org.gradle.cache.internal.DefaultFileLockManager] Lock acquired on daemon addresses registry.
2024-04-16T04:06:53.833+0530 [DEBUG] [org.gradle.cache.internal.DefaultFileLockManager] Releasing lock on daemon addresses registry.
2024-04-16T04:06:53.834+0530 [LIFECYCLE] [org.gradle.launcher.daemon.server.Daemon] Daemon server started.
2024-04-16T04:06:53.835+0530 [DEBUG] [org.gradle.launcher.daemon.bootstrap.DaemonStartupCommunication] Completed writing the daemon greeting. Closing streams...
2024-04-16T04:06:53.839+0530 [DEBUG] [org.gradle.launcher.daemon.server.Daemon] stopOnExpiration() called on daemon
2024-04-16T04:06:53.840+0530 [DEBUG] [org.gradle.launcher.daemon.server.Daemon] awaitExpiration() called on daemon
2024-04-16T04:06:53.841+0530 [DEBUG] [org.gradle.launcher.daemon.server.DaemonStateCoordinator] daemon is running. Sleeping until state changes.
2024-04-16T04:06:53.845+0530 [DEBUG] [org.gradle.internal.remote.internal.inet.TcpIncomingConnector] Accepted connection from /127.0.0.1:58224 to /127.0.0.1:58223.
2024-04-16T04:06:53.901+0530 [DEBUG] [org.gradle.launcher.daemon.server.SynchronizedDispatchConnection] thread 22: received class org.gradle.launcher.daemon.protocol.Build
2024-04-16T04:06:53.902+0530 [DEBUG] [org.gradle.launcher.daemon.server.DefaultDaemonConnection] thread 22: Received non-IO message from client: Build{id=bbc41c4a-c651-4143-90f6-41092166ca73, currentDir=C:\Users\DELL\StudioProjects\Study}
2024-04-16T04:06:53.902+0530 [INFO] [org.gradle.launcher.daemon.server.DefaultIncomingConnectionHandler] Received command: Build{id=bbc41c4a-c651-4143-90f6-41092166ca73, currentDir=C:\Users\DELL\StudioProjects\Study}.
2024-04-16T04:06:53.902+0530 [DEBUG] [org.gradle.launcher.daemon.server.DefaultIncomingConnectionHandler] Starting executing command: Build{id=bbc41c4a-c651-4143-90f6-41092166ca73, currentDir=C:\Users\DELL\StudioProjects\Study} with connection: socket connection from /127.0.0.1:58223 to /127.0.0.1:58224.
2024-04-16T04:06:53.904+0530 [DEBUG] [org.gradle.launcher.daemon.server.DaemonStateCoordinator] Command execution: started DaemonCommandExecution[command = Build{id=bbc41c4a-c651-4143-90f6-41092166ca73, currentDir=C:\Users\DELL\StudioProjects\Study}, connection = DefaultDaemonConnection: socket connection from /127.0.0.1:58223 to /127.0.0.1:58224] after 0.0 minutes of idle
2024-04-16T04:06:53.905+0530 [INFO] [org.gradle.launcher.daemon.server.DaemonRegistryUpdater] Marking the daemon as busy, address: [572ec407-bc06-4837-9c12-4b7bbc31e966 port:58223, addresses:[localhost/127.0.0.1]]
2024-04-16T04:06:53.905+0530 [DEBUG] [org.gradle.launcher.daemon.registry.PersistentDaemonRegistry] Marking busy by address: [572ec407-bc06-4837-9c12-4b7bbc31e966 port:58223, addresses:[localhost/127.0.0.1]]
2024-04-16T04:06:53.906+0530 [DEBUG] [org.gradle.cache.internal.DefaultFileLockManager] Waiting to acquire exclusive lock on daemon addresses registry.
2024-04-16T04:06:53.906+0530 [DEBUG] [org.gradle.cache.internal.DefaultFileLockManager] Lock acquired on daemon addresses registry.
2024-04-16T04:06:53.907+0530 [DEBUG] [org.gradle.cache.internal.DefaultFileLockManager] Releasing lock on daemon addresses registry.
2024-04-16T04:06:53.907+0530 [DEBUG] [org.gradle.launcher.daemon.server.DaemonStateCoordinator] resetting idle timer
2024-04-16T04:06:53.907+0530 [DEBUG] [org.gradle.launcher.daemon.server.DaemonStateCoordinator] daemon is running. Sleeping until state changes.
2024-04-16T04:06:53.907+0530 [INFO] [org.gradle.launcher.daemon.server.exec.StartBuildOrRespondWithBusy] Daemon is about to start building Build{id=bbc41c4a-c651-4143-90f6-41092166ca73, currentDir=C:\Users\DELL\StudioProjects\Study}. Dispatching build started information...
2024-04-16T04:06:53.907+0530 [DEBUG] [org.gradle.launcher.daemon.server.SynchronizedDispatchConnection] thread 24: dispatching org.gradle.launcher.daemon.protocol.BuildStarted@5a5024ef
2024-04-16T04:06:53.909+0530 [DEBUG] [org.gradle.launcher.daemon.server.exec.EstablishBuildEnvironment] Configuring env variables: [USERDOMAIN_ROAMINGPROFILE, LOCALAPPDATA, PROCESSOR_LEVEL, USERDOMAIN, LOGONSERVER, FPS_BROWSER_APP_PROFILE_STRING, SESSIONNAME, ALLUSERSPROFILE, PROCESSOR_ARCHITECTURE, PSModulePath, SystemDrive, OneDrive, APPDATA, USERNAME, ProgramFiles(x86), VBOX_MSI_INSTALL_PATH, CommonProgramFiles, Path, FPS_BROWSER_USER_PROFILE_STRING, PATHEXT, EFC_2728, DriverData, OS, COMPUTERNAME, PROCESSOR_REVISION, CommonProgramW6432, NodeJs, ComSpec, ProgramData, ProgramW6432, TEMP, HOMEPATH, SystemRoot, PROCESSOR_IDENTIFIER, HOMEDRIVE, USERPROFILE, TMP, CommonProgramFiles(x86), ProgramFiles, PUBLIC, windir, NUMBER_OF_PROCESSORS, =::, IDEA_INITIAL_DIRECTORY]
2024-04-16T04:06:53.911+0530 [DEBUG] [org.gradle.launcher.daemon.server.SynchronizedDispatchConnection] thread 22: received class org.gradle.launcher.daemon.protocol.CloseInput
2024-04-16T04:06:53.911+0530 [DEBUG] [org.gradle.launcher.daemon.server.DefaultDaemonConnection] thread 22: Received IO message from client: org.gradle.launcher.daemon.protocol.CloseInput@ac16eb7
2024-04-16T04:06:53.914+0530 [DEBUG] [org.gradle.launcher.daemon.server.exec.LogToClient] About to start relaying all logs to the client via the connection.
2024-04-16T04:06:53.914+0530 [INFO] [org.gradle.launcher.daemon.server.exec.LogToClient] The client will now receive all logging from the daemon (pid: 20212). The daemon log file: C:\Users\DELL\Videos\YashProject\AdminCollegeAPP\daemon\8.4\daemon-20212.out.log
2024-04-16T04:06:53.915+0530 [INFO] [org.gradle.launcher.daemon.server.exec.LogAndCheckHealth] Starting build in new daemon [memory: 2 GiB]
2024-04-16T04:06:53.916+0530 [INFO] [org.gradle.launcher.daemon.server.exec.ForwardClientInput] Closing daemon's stdin at end of input.
2024-04-16T04:06:53.916+0530 [INFO] [org.gradle.launcher.daemon.server.exec.ForwardClientInput] The daemon will no longer process any standard input.
2024-04-16T04:06:53.917+0530 [DEBUG] [org.gradle.launcher.daemon.server.exec.ExecuteBuild] The daemon has started executing the build.
2024-04-16T04:06:53.917+0530 [DEBUG] [org.gradle.launcher.daemon.server.exec.ExecuteBuild] Executing build with daemon context: DefaultDaemonContext[uid=7108db64-9561-479f-b38f-a42c669309c5,javaHome=D:\Android\jbr,daemonRegistryDir=C:\Users\DELL\Videos\YashProject\AdminCollegeAPP\daemon,pid=20212,idleTimeout=10800000,priority=NORMAL,applyInstrumentationAgent=true,daemonOpts=--add-opens=java.base/java.util=ALL-UNNAMED,--add-opens=java.base/java.lang=ALL-UNNAMED,--add-opens=java.base/java.lang.invoke=ALL-UNNAMED,--add-opens=java.prefs/java.util.prefs=ALL-UNNAMED,--add-opens=java.base/java.nio.charset=ALL-UNNAMED,--add-opens=java.base/java.net=ALL-UNNAMED,--add-opens=java.base/java.util.concurrent.atomic=ALL-UNNAMED,-Xmx2048m,-Dfile.encoding=UTF-8,-Duser.country=IN,-Duser.language=en,-Duser.variant]
Note: Some input files use or override a deprecated API.
Note: Recompile with -Xlint:deprecation for details.

Deprecated Gradle features were used in this build, making it incompatible with Gradle 9.0.

You can use '--warning-mode all' to show the individual deprecation warnings and determine if they come from your own scripts or plugins.

For more on this, please refer to https://docs.gradle.org/8.4/userguide/command_line_interface.html#sec:command_line_warnings in the Gradle documentation.

BUILD SUCCESSFUL in 18s
35 actionable tasks: 14 executed, 21 up-to-date
2024-04-16T04:07:11.274+0530 [DEBUG] [org.gradle.launcher.daemon.server.exec.ExecuteBuild] The daemon has finished executing the build.
2024-04-16T04:07:11.293+0530 [DEBUG] [org.gradle.launcher.daemon.server.DaemonStateCoordinator] daemon is running. Sleeping until state changes.
2024-04-16T04:07:11.293+0530 [DEBUG] [org.gradle.launcher.daemon.server.DaemonStateCoordinator] Command execution: finished waiting for DaemonCommandExecution[command = Build{id=bbc41c4a-c651-4143-90f6-41092166ca73, currentDir=C:\Users\DELL\StudioProjects\Study}, connection = DefaultDaemonConnection: socket connection from /127.0.0.1:58223 to /127.0.0.1:58224]. Result org.gradle.launcher.daemon.server.DaemonStateCoordinator@98ceac3 with state Busy
2024-04-16T04:07:11.293+0530 [DEBUG] [org.gradle.launcher.daemon.server.DaemonStateCoordinator] Command execution: completed DaemonCommandExecution[command = Build{id=bbc41c4a-c651-4143-90f6-41092166ca73, currentDir=C:\Users\DELL\StudioProjects\Study}, connection = DefaultDaemonConnection: socket connection from /127.0.0.1:58223 to /127.0.0.1:58224]
2024-04-16T04:07:11.293+0530 [DEBUG] [org.gradle.launcher.daemon.server.DaemonStateCoordinator] resetting idle timer
2024-04-16T04:07:11.294+0530 [INFO] [org.gradle.launcher.daemon.server.DaemonRegistryUpdater] Marking the daemon as idle, address: [572ec407-bc06-4837-9c12-4b7bbc31e966 port:58223, addresses:[localhost/127.0.0.1]]
2024-04-16T04:07:11.294+0530 [DEBUG] [org.gradle.launcher.daemon.registry.PersistentDaemonRegistry] Marking busy by address: [572ec407-bc06-4837-9c12-4b7bbc31e966 port:58223, addresses:[localhost/127.0.0.1]]
2024-04-16T04:07:11.295+0530 [DEBUG] [org.gradle.cache.internal.DefaultFileLockManager] Waiting to acquire exclusive lock on daemon addresses registry.
2024-04-16T04:07:11.296+0530 [DEBUG] [org.gradle.cache.internal.DefaultFileLockManager] Lock acquired on daemon addresses registry.
2024-04-16T04:07:11.297+0530 [DEBUG] [org.gradle.cache.internal.DefaultFileLockManager] Releasing lock on daemon addresses registry.
2024-04-16T04:07:11.298+0530 [DEBUG] [org.gradle.launcher.daemon.server.DaemonStateCoordinator] daemon is running. Sleeping until state changes.
2024-04-16T04:07:11.298+0530 [DEBUG] [org.gradle.launcher.daemon.server.exec.ReturnResult] Daemon is dispatching the build result: Success[value=org.gradle.launcher.exec.BuildActionResult@40bc8170]
2024-04-16T04:07:11.298+0530 [DEBUG] [org.gradle.launcher.daemon.server.SynchronizedDispatchConnection] thread 21: dispatching Success[value=org.gradle.launcher.exec.BuildActionResult@40bc8170]
2024-04-16T04:07:11.299+0530 [DEBUG] [org.gradle.launcher.daemon.server.DefaultIncomingConnectionHandler] Finishing executing command: Build{id=bbc41c4a-c651-4143-90f6-41092166ca73, currentDir=C:\Users\DELL\StudioProjects\Study}
2024-04-16T04:07:11.302+0530 [DEBUG] [org.gradle.launcher.daemon.server.SynchronizedDispatchConnection] thread 22: received class org.gradle.launcher.daemon.protocol.Finished
2024-04-16T04:07:11.303+0530 [DEBUG] [org.gradle.launcher.daemon.server.DefaultDaemonConnection] thread 22: Received non-IO message from client: org.gradle.launcher.daemon.protocol.Finished@3773d5b4
2024-04-16T04:07:11.303+0530 [DEBUG] [org.gradle.launcher.daemon.server.DefaultIncomingConnectionHandler] Received finished message: org.gradle.launcher.daemon.protocol.Finished@3773d5b4
2024-04-16T04:07:11.303+0530 [DEBUG] [org.gradle.launcher.daemon.server.SynchronizedDispatchConnection] thread 21: stopping connection
2024-04-16T04:07:11.304+0530 [DEBUG] [org.gradle.internal.remote.internal.inet.SocketConnection] Discarding EOFException: java.io.EOFException
2024-04-16T04:07:11.305+0530 [DEBUG] [org.gradle.launcher.daemon.server.SynchronizedDispatchConnection] thread 22: received null
2024-04-16T04:07:11.305+0530 [DEBUG] [org.gradle.launcher.daemon.server.DefaultDaemonConnection] thread 22: Received end-of-input from client.
2024-04-16T04:07:11.306+0530 [DEBUG] [org.gradle.launcher.daemon.server.SynchronizedDispatchConnection] thread 21: stopping connection
2024-04-16T04:07:13.068+0530 [DEBUG] [org.gradle.process.internal.health.memory.DefaultMemoryManager] 789394636 physical memory requested, 685346816 free
2024-04-16T04:07:13.068+0530 [DEBUG] [org.gradle.workers.internal.WorkerDaemonExpiration] Will attempt to release 752 of memory
2024-04-16T04:07:13.069+0530 [DEBUG] [org.gradle.process.internal.health.memory.DefaultMemoryManager] 789394636 physical memory requested, 0 released, 685346816 free
2024-04-16T04:07:13.842+0530 [DEBUG] [org.gradle.cache.internal.DefaultFileLockManager] Waiting to acquire shared lock on daemon addresses registry.
2024-04-16T04:07:13.843+0530 [DEBUG] [org.gradle.cache.internal.DefaultFileLockManager] Lock acquired on daemon addresses registry.
2024-04-16T04:07:13.843+0530 [DEBUG] [org.gradle.cache.internal.DefaultFileLockManager] Releasing lock on daemon addresses registry.
2024-04-16T04:07:13.845+0530 [DEBUG] [org.gradle.cache.internal.DefaultFileLockManager] Waiting to acquire shared lock on daemon addresses registry.
2024-04-16T04:07:13.845+0530 [DEBUG] [org.gradle.cache.internal.DefaultFileLockManager] Lock acquired on daemon addresses registry.
2024-04-16T04:07:13.845+0530 [DEBUG] [org.gradle.cache.internal.DefaultFileLockManager] Releasing lock on daemon addresses registry.
2024-04-16T04:07:18.071+0530 [DEBUG] [org.gradle.process.internal.health.memory.DefaultMemoryManager] 789394636 physical memory requested, 583897088 free
2024-04-16T04:07:18.071+0530 [DEBUG] [org.gradle.workers.internal.WorkerDaemonExpiration] Will attempt to release 752 of memory
2024-04-16T04:07:18.071+0530 [DEBUG] [org.gradle.process.internal.health.memory.DefaultMemoryManager] 789394636 physical memory requested, 0 released, 583897088 free
2024-04-16T04:07:23.062+0530 [DEBUG] [org.gradle.process.internal.health.memory.DefaultMemoryManager] 789394636 physical memory requested, 597766144 free
2024-04-16T04:07:23.062+0530 [DEBUG] [org.gradle.workers.internal.WorkerDaemonExpiration] Will attempt to release 752 of memory
2024-04-16T04:07:23.062+0530 [DEBUG] [org.gradle.process.internal.health.memory.DefaultMemoryManager] 789394636 physical memory requested, 0 released, 597766144 free
2024-04-16T04:07:23.852+0530 [DEBUG] [org.gradle.cache.internal.DefaultFileLockManager] Waiting to acquire shared lock on daemon addresses registry.
2024-04-16T04:07:23.852+0530 [DEBUG] [org.gradle.cache.internal.DefaultFileLockManager] Lock acquired on daemon addresses registry.
2024-04-16T04:07:23.853+0530 [DEBUG] [org.gradle.cache.internal.DefaultFileLockManager] Releasing lock on daemon addresses registry.
2024-04-16T04:07:23.853+0530 [DEBUG] [org.gradle.cache.internal.DefaultFileLockManager] Waiting to acquire shared lock on daemon addresses registry.
2024-04-16T04:07:23.854+0530 [DEBUG] [org.gradle.cache.internal.DefaultFileLockManager] Lock acquired on daemon addresses registry.
2024-04-16T04:07:23.854+0530 [DEBUG] [org.gradle.cache.internal.DefaultFileLockManager] Releasing lock on daemon addresses registry.
2024-04-16T04:07:23.854+0530 [DEBUG] [org.gradle.cache.internal.DefaultFileLockManager] Waiting to acquire shared lock on daemon addresses registry.
2024-04-16T04:07:23.854+0530 [DEBUG] [org.gradle.cache.internal.DefaultFileLockManager] Lock acquired on daemon addresses registry.
2024-04-16T04:07:23.855+0530 [DEBUG] [org.gradle.cache.internal.DefaultFileLockManager] Releasing lock on daemon addresses registry.
2024-04-16T04:07:28.055+0530 [DEBUG] [org.gradle.process.internal.health.memory.DefaultMemoryManager] 789394636 physical memory requested, 585011200 free
2024-04-16T04:07:28.055+0530 [DEBUG] [org.gradle.workers.internal.WorkerDaemonExpiration] Will attempt to release 752 of memory
2024-04-16T04:07:28.055+0530 [DEBUG] [org.gradle.process.internal.health.memory.DefaultMemoryManager] 789394636 physical memory requested, 0 released, 585011200 free
2024-04-16T04:07:33.063+0530 [DEBUG] [org.gradle.process.internal.health.memory.DefaultMemoryManager] 789394636 physical memory requested, 548577280 free
2024-04-16T04:07:33.063+0530 [DEBUG] [org.gradle.workers.internal.WorkerDaemonExpiration] Will attempt to release 752 of memory
2024-04-16T04:07:33.063+0530 [DEBUG] [org.gradle.process.internal.health.memory.DefaultMemoryManager] 789394636 physical memory requested, 0 released, 548577280 free
2024-04-16T04:07:33.855+0530 [DEBUG] [org.gradle.cache.internal.DefaultFileLockManager] Waiting to acquire shared lock on daemon addresses registry.
2024-04-16T04:07:33.855+0530 [DEBUG] [org.gradle.cache.internal.DefaultFileLockManager] Lock acquired on daemon addresses registry.
2024-04-16T04:07:33.855+0530 [DEBUG] [org.gradle.cache.internal.DefaultFileLockManager] Releasing lock on daemon addresses registry.
2024-04-16T04:07:33.856+0530 [DEBUG] [org.gradle.cache.internal.DefaultFileLockManager] Waiting to acquire shared lock on daemon addresses registry.
2024-04-16T04:07:33.856+0530 [DEBUG] [org.gradle.cache.internal.DefaultFileLockManager] Lock acquired on daemon addresses registry.
2024-04-16T04:07:33.856+0530 [DEBUG] [org.gradle.cache.internal.DefaultFileLockManager] Releasing lock on daemon addresses registry.
2024-04-16T04:07:33.857+0530 [DEBUG] [org.gradle.cache.internal.DefaultFileLockManager] Waiting to acquire shared lock on daemon addresses registry.
2024-04-16T04:07:33.857+0530 [DEBUG] [org.gradle.cache.internal.DefaultFileLockManager] Lock acquired on daemon addresses registry.
2024-04-16T04:07:33.858+0530 [DEBUG] [org.gradle.cache.internal.DefaultFileLockManager] Releasing lock on daemon addresses registry.
2024-04-16T04:07:38.066+0530 [DEBUG] [org.gradle.process.internal.health.memory.DefaultMemoryManager] 789394636 physical memory requested, 544813056 free
2024-04-16T04:07:38.067+0530 [DEBUG] [org.gradle.workers.internal.WorkerDaemonExpiration] Will attempt to release 752 of memory
2024-04-16T04:07:38.067+0530 [DEBUG] [org.gradle.process.internal.health.memory.DefaultMemoryManager] 789394636 physical memory requested, 0 released, 544813056 free
2024-04-16T04:07:43.072+0530 [DEBUG] [org.gradle.process.internal.health.memory.DefaultMemoryManager] 789394636 physical memory requested, 495960064 free
2024-04-16T04:07:43.072+0530 [DEBUG] [org.gradle.workers.internal.WorkerDaemonExpiration] Will attempt to release 752 of memory
2024-04-16T04:07:43.073+0530 [DEBUG] [org.gradle.process.internal.health.memory.DefaultMemoryManager] 789394636 physical memory requested, 0 released, 495960064 free
2024-04-16T04:07:43.856+0530 [DEBUG] [org.gradle.cache.internal.DefaultFileLockManager] Waiting to acquire shared lock on daemon addresses registry.
2024-04-16T04:07:43.856+0530 [DEBUG] [org.gradle.cache.internal.DefaultFileLockManager] Lock acquired on daemon addresses registry.
2024-04-16T04:07:43.856+0530 [DEBUG] [org.gradle.cache.internal.DefaultFileLockManager] Releasing lock on daemon addresses registry.
2024-04-16T04:07:43.857+0530 [DEBUG] [org.gradle.cache.internal.DefaultFileLockManager] Waiting to acquire shared lock on daemon addresses registry.
2024-04-16T04:07:43.857+0530 [DEBUG] [org.gradle.cache.internal.DefaultFileLockManager] Lock acquired on daemon addresses registry.
2024-04-16T04:07:43.858+0530 [DEBUG] [org.gradle.cache.internal.DefaultFileLockManager] Releasing lock on daemon addresses registry.
2024-04-16T04:07:43.859+0530 [DEBUG] [org.gradle.cache.internal.DefaultFileLockManager] Waiting to acquire shared lock on daemon addresses registry.
2024-04-16T04:07:43.859+0530 [DEBUG] [org.gradle.cache.internal.DefaultFileLockManager] Lock acquired on daemon addresses registry.
2024-04-16T04:07:43.859+0530 [DEBUG] [org.gradle.cache.internal.DefaultFileLockManager] Releasing lock on daemon addresses registry.
2024-04-16T04:07:48.087+0530 [DEBUG] [org.gradle.process.internal.health.memory.DefaultMemoryManager] 789394636 physical memory requested, 462643200 free
2024-04-16T04:07:48.088+0530 [DEBUG] [org.gradle.workers.internal.WorkerDaemonExpiration] Will attempt to release 752 of memory
2024-04-16T04:07:48.088+0530 [DEBUG] [org.gradle.process.internal.health.memory.DefaultMemoryManager] 789394636 physical memory requested, 0 released, 462643200 free
2024-04-16T04:07:53.067+0530 [DEBUG] [org.gradle.process.internal.health.memory.DefaultMemoryManager] 789394636 physical memory requested, 718774272 free
2024-04-16T04:07:53.067+0530 [DEBUG] [org.gradle.workers.internal.WorkerDaemonExpiration] Will attempt to release 752 of memory
2024-04-16T04:07:53.068+0530 [DEBUG] [org.gradle.process.internal.health.memory.DefaultMemoryManager] 789394636 physical memory requested, 0 released, 718774272 free
2024-04-16T04:07:53.846+0530 [DEBUG] [org.gradle.cache.internal.DefaultFileLockManager] Waiting to acquire shared lock on daemon addresses registry.
2024-04-16T04:07:53.846+0530 [DEBUG] [org.gradle.cache.internal.DefaultFileLockManager] Lock acquired on daemon addresses registry.
2024-04-16T04:07:53.847+0530 [DEBUG] [org.gradle.cache.internal.DefaultFileLockManager] Releasing lock on daemon addresses registry.
2024-04-16T04:07:53.848+0530 [DEBUG] [org.gradle.cache.internal.DefaultFileLockManager] Waiting to acquire shared lock on daemon addresses registry.
2024-04-16T04:07:53.848+0530 [DEBUG] [org.gradle.cache.internal.DefaultFileLockManager] Lock acquired on daemon addresses registry.
2024-04-16T04:07:53.848+0530 [DEBUG] [org.gradle.cache.internal.DefaultFileLockManager] Releasing lock on daemon addresses registry.
2024-04-16T04:07:53.849+0530 [DEBUG] [org.gradle.cache.internal.DefaultFileLockManager] Waiting to acquire shared lock on daemon addresses registry.
2024-04-16T04:07:53.849+0530 [DEBUG] [org.gradle.cache.internal.DefaultFileLockManager] Lock acquired on daemon addresses registry.
2024-04-16T04:07:53.849+0530 [DEBUG] [org.gradle.cache.internal.DefaultFileLockManager] Releasing lock on daemon addresses registry.
2024-04-16T04:07:58.059+0530 [DEBUG] [org.gradle.process.internal.health.memory.DefaultMemoryManager] 789394636 physical memory requested, 716853248 free
2024-04-16T04:07:58.059+0530 [DEBUG] [org.gradle.workers.internal.WorkerDaemonExpiration] Will attempt to release 752 of memory
2024-04-16T04:07:58.059+0530 [DEBUG] [org.gradle.process.internal.health.memory.DefaultMemoryManager] 789394636 physical memory requested, 0 released, 716853248 free
2024-04-16T04:08:03.068+0530 [DEBUG] [org.gradle.process.internal.health.memory.DefaultMemoryManager] 789394636 physical memory requested, 682065920 free
2024-04-16T04:08:03.068+0530 [DEBUG] [org.gradle.workers.internal.WorkerDaemonExpiration] Will attempt to release 752 of memory
2024-04-16T04:08:03.068+0530 [DEBUG] [org.gradle.process.internal.health.memory.DefaultMemoryManager] 789394636 physical memory requested, 0 released, 682065920 free
2024-04-16T04:08:03.862+0530 [DEBUG] [org.gradle.cache.internal.DefaultFileLockManager] Waiting to acquire shared lock on daemon addresses registry.
2024-04-16T04:08:03.862+0530 [DEBUG] [org.gradle.cache.internal.DefaultFileLockManager] Lock acquired on daemon addresses registry.
2024-04-16T04:08:03.863+0530 [DEBUG] [org.gradle.cache.internal.DefaultFileLockManager] Releasing lock on daemon addresses registry.
2024-04-16T04:08:03.864+0530 [DEBUG] [org.gradle.cache.internal.DefaultFileLockManager] Waiting to acquire shared lock on daemon addresses registry.
2024-04-16T04:08:03.865+0530 [DEBUG] [org.gradle.cache.internal.DefaultFileLockManager] Lock acquired on daemon addresses registry.
2024-04-16T04:08:03.865+0530 [DEBUG] [org.gradle.cache.internal.DefaultFileLockManager] Releasing lock on daemon addresses registry.
2024-04-16T04:08:03.866+0530 [DEBUG] [org.gradle.cache.internal.DefaultFileLockManager] Waiting to acquire shared lock on daemon addresses registry.
2024-04-16T04:08:03.866+0530 [DEBUG] [org.gradle.cache.internal.DefaultFileLockManager] Lock acquired on daemon addresses registry.
2024-04-16T04:08:03.867+0530 [DEBUG] [org.gradle.cache.internal.DefaultFileLockManager] Releasing lock on daemon addresses registry.
2024-04-16T04:08:08.064+0530 [DEBUG] [org.gradle.process.internal.health.memory.DefaultMemoryManager] 789394636 physical memory requested, 746938368 free
2024-04-16T04:08:08.065+0530 [DEBUG] [org.gradle.workers.internal.WorkerDaemonExpiration] Will attempt to release 752 of memory
2024-04-16T04:08:08.065+0530 [DEBUG] [org.gradle.process.internal.health.memory.DefaultMemoryManager] 789394636 physical memory requested, 0 released, 746938368 free
2024-04-16T04:08:13.091+0530 [DEBUG] [org.gradle.internal.watch.vfs.impl.WatchingVirtualFileSystem] Handling VFS change CREATED C:\Users\DELL\StudioProjects\Study\app\src\main\res\layout\fragment_account.xml~
2024-04-16T04:08:13.093+0530 [DEBUG] [org.gradle.internal.watch.vfs.impl.WatchingVirtualFileSystem] Handling VFS change MODIFIED C:\Users\DELL\StudioProjects\Study\app\src\main\res\layout\fragment_account.xml
2024-04-16T04:08:13.112+0530 [DEBUG] [org.gradle.internal.remote.internal.inet.TcpIncomingConnector] Accepted connection from /127.0.0.1:58238 to /127.0.0.1:58223.
2024-04-16T04:08:13.117+0530 [DEBUG] [org.gradle.launcher.daemon.server.SynchronizedDispatchConnection] thread 229: received class org.gradle.launcher.daemon.protocol.Build
2024-04-16T04:08:13.117+0530 [DEBUG] [org.gradle.launcher.daemon.server.DefaultDaemonConnection] thread 229: Received non-IO message from client: Build{id=2326924d-1835-475e-8f5c-7ddf77e5aea1, currentDir=C:\Users\DELL\StudioProjects\Study}
2024-04-16T04:08:13.117+0530 [INFO] [org.gradle.launcher.daemon.server.DefaultIncomingConnectionHandler] Received command: Build{id=2326924d-1835-475e-8f5c-7ddf77e5aea1, currentDir=C:\Users\DELL\StudioProjects\Study}.
2024-04-16T04:08:13.118+0530 [DEBUG] [org.gradle.launcher.daemon.server.DefaultIncomingConnectionHandler] Starting executing command: Build{id=2326924d-1835-475e-8f5c-7ddf77e5aea1, currentDir=C:\Users\DELL\StudioProjects\Study} with connection: socket connection from /127.0.0.1:58223 to /127.0.0.1:58238.
2024-04-16T04:08:13.118+0530 [DEBUG] [org.gradle.launcher.daemon.server.DaemonStateCoordinator] Command execution: started DaemonCommandExecution[command = Build{id=2326924d-1835-475e-8f5c-7ddf77e5aea1, currentDir=C:\Users\DELL\StudioProjects\Study}, connection = DefaultDaemonConnection: socket connection from /127.0.0.1:58223 to /127.0.0.1:58238] after 1.0 minutes of idle
2024-04-16T04:08:13.118+0530 [INFO] [org.gradle.launcher.daemon.server.DaemonRegistryUpdater] Marking the daemon as busy, address: [572ec407-bc06-4837-9c12-4b7bbc31e966 port:58223, addresses:[localhost/127.0.0.1]]
2024-04-16T04:08:13.118+0530 [DEBUG] [org.gradle.launcher.daemon.registry.PersistentDaemonRegistry] Marking busy by address: [572ec407-bc06-4837-9c12-4b7bbc31e966 port:58223, addresses:[localhost/127.0.0.1]]
2024-04-16T04:08:13.118+0530 [DEBUG] [org.gradle.cache.internal.DefaultFileLockManager] Waiting to acquire exclusive lock on daemon addresses registry.
2024-04-16T04:08:13.119+0530 [DEBUG] [org.gradle.cache.internal.DefaultFileLockManager] Lock acquired on daemon addresses registry.
2024-04-16T04:08:13.119+0530 [DEBUG] [org.gradle.cache.internal.DefaultFileLockManager] Releasing lock on daemon addresses registry.
2024-04-16T04:08:13.120+0530 [DEBUG] [org.gradle.launcher.daemon.server.DaemonStateCoordinator] resetting idle timer
2024-04-16T04:08:13.120+0530 [DEBUG] [org.gradle.launcher.daemon.server.DaemonStateCoordinator] daemon is running. Sleeping until state changes.
2024-04-16T04:08:13.120+0530 [INFO] [org.gradle.launcher.daemon.server.exec.StartBuildOrRespondWithBusy] Daemon is about to start building Build{id=2326924d-1835-475e-8f5c-7ddf77e5aea1, currentDir=C:\Users\DELL\StudioProjects\Study}. Dispatching build started information...
2024-04-16T04:08:13.120+0530 [DEBUG] [org.gradle.launcher.daemon.server.SynchronizedDispatchConnection] thread 231: dispatching org.gradle.launcher.daemon.protocol.BuildStarted@11fcc58d
2024-04-16T04:08:13.121+0530 [DEBUG] [org.gradle.launcher.daemon.server.exec.EstablishBuildEnvironment] Configuring env variables: [USERDOMAIN_ROAMINGPROFILE, LOCALAPPDATA, PROCESSOR_LEVEL, USERDOMAIN, LOGONSERVER, FPS_BROWSER_APP_PROFILE_STRING, SESSIONNAME, ALLUSERSPROFILE, PROCESSOR_ARCHITECTURE, PSModulePath, SystemDrive, OneDrive, APPDATA, USERNAME, ProgramFiles(x86), VBOX_MSI_INSTALL_PATH, CommonProgramFiles, Path, FPS_BROWSER_USER_PROFILE_STRING, PATHEXT, EFC_2728, DriverData, OS, COMPUTERNAME, PROCESSOR_REVISION, CommonProgramW6432, NodeJs, ComSpec, ProgramData, ProgramW6432, TEMP, HOMEPATH, SystemRoot, PROCESSOR_IDENTIFIER, HOMEDRIVE, USERPROFILE, TMP, CommonProgramFiles(x86), ProgramFiles, PUBLIC, windir, NUMBER_OF_PROCESSORS, =::, IDEA_INITIAL_DIRECTORY]
2024-04-16T04:08:13.121+0530 [DEBUG] [org.gradle.launcher.daemon.server.SynchronizedDispatchConnection] thread 229: received class org.gradle.launcher.daemon.protocol.CloseInput
2024-04-16T04:08:13.121+0530 [DEBUG] [org.gradle.launcher.daemon.server.DefaultDaemonConnection] thread 229: Received IO message from client: org.gradle.launcher.daemon.protocol.CloseInput@5c26cc8b
2024-04-16T04:08:13.122+0530 [DEBUG] [org.gradle.launcher.daemon.server.exec.LogToClient] About to start relaying all logs to the client via the connection.
2024-04-16T04:08:13.122+0530 [INFO] [org.gradle.launcher.daemon.server.exec.LogToClient] The client will now receive all logging from the daemon (pid: 20212). The daemon log file: C:\Users\DELL\Videos\YashProject\AdminCollegeAPP\daemon\8.4\daemon-20212.out.log
2024-04-16T04:08:13.124+0530 [INFO] [org.gradle.launcher.daemon.server.exec.LogAndCheckHealth] Starting 2nd build in daemon [uptime: 1 mins 19.58 secs, performance: 99%, GC rate: 0.00/s, heap usage: 0% of 2 GiB]
2024-04-16T04:08:13.125+0530 [DEBUG] [org.gradle.launcher.daemon.server.exec.ExecuteBuild] The daemon has started executing the build.
2024-04-16T04:08:13.125+0530 [INFO] [org.gradle.launcher.daemon.server.exec.ForwardClientInput] Closing daemon's stdin at end of input.
2024-04-16T04:08:13.125+0530 [DEBUG] [org.gradle.launcher.daemon.server.exec.ExecuteBuild] Executing build with daemon context: DefaultDaemonContext[uid=7108db64-9561-479f-b38f-a42c669309c5,javaHome=D:\Android\jbr,daemonRegistryDir=C:\Users\DELL\Videos\YashProject\AdminCollegeAPP\daemon,pid=20212,idleTimeout=10800000,priority=NORMAL,applyInstrumentationAgent=true,daemonOpts=--add-opens=java.base/java.util=ALL-UNNAMED,--add-opens=java.base/java.lang=ALL-UNNAMED,--add-opens=java.base/java.lang.invoke=ALL-UNNAMED,--add-opens=java.prefs/java.util.prefs=ALL-UNNAMED,--add-opens=java.base/java.nio.charset=ALL-UNNAMED,--add-opens=java.base/java.net=ALL-UNNAMED,--add-opens=java.base/java.util.concurrent.atomic=ALL-UNNAMED,-Xmx2048m,-Dfile.encoding=UTF-8,-Duser.country=IN,-Duser.language=en,-Duser.variant]
2024-04-16T04:08:13.125+0530 [INFO] [org.gradle.launcher.daemon.server.exec.ForwardClientInput] The daemon will no longer process any standard input.

Deprecated Gradle features were used in this build, making it incompatible with Gradle 9.0.

You can use '--warning-mode all' to show the individual deprecation warnings and determine if they come from your own scripts or plugins.

For more on this, please refer to https://docs.gradle.org/8.4/userguide/command_line_interface.html#sec:command_line_warnings in the Gradle documentation.

BUILD SUCCESSFUL in 3s
35 actionable tasks: 7 executed, 28 up-to-date
2024-04-16T04:08:16.398+0530 [DEBUG] [org.gradle.launcher.daemon.server.exec.ExecuteBuild] The daemon has finished executing the build.
2024-04-16T04:08:16.416+0530 [DEBUG] [org.gradle.launcher.daemon.server.DaemonStateCoordinator] daemon is running. Sleeping until state changes.
2024-04-16T04:08:16.416+0530 [DEBUG] [org.gradle.launcher.daemon.server.DaemonStateCoordinator] Command execution: finished waiting for DaemonCommandExecution[command = Build{id=2326924d-1835-475e-8f5c-7ddf77e5aea1, currentDir=C:\Users\DELL\StudioProjects\Study}, connection = DefaultDaemonConnection: socket connection from /127.0.0.1:58223 to /127.0.0.1:58238]. Result org.gradle.launcher.daemon.server.DaemonStateCoordinator@98ceac3 with state Busy
2024-04-16T04:08:16.416+0530 [DEBUG] [org.gradle.launcher.daemon.server.DaemonStateCoordinator] Command execution: completed DaemonCommandExecution[command = Build{id=2326924d-1835-475e-8f5c-7ddf77e5aea1, currentDir=C:\Users\DELL\StudioProjects\Study}, connection = DefaultDaemonConnection: socket connection from /127.0.0.1:58223 to /127.0.0.1:58238]
2024-04-16T04:08:16.416+0530 [DEBUG] [org.gradle.launcher.daemon.server.DaemonStateCoordinator] resetting idle timer
2024-04-16T04:08:16.417+0530 [INFO] [org.gradle.launcher.daemon.server.DaemonRegistryUpdater] Marking the daemon as idle, address: [572ec407-bc06-4837-9c12-4b7bbc31e966 port:58223, addresses:[localhost/127.0.0.1]]
2024-04-16T04:08:16.417+0530 [DEBUG] [org.gradle.launcher.daemon.registry.PersistentDaemonRegistry] Marking busy by address: [572ec407-bc06-4837-9c12-4b7bbc31e966 port:58223, addresses:[localhost/127.0.0.1]]
2024-04-16T04:08:16.418+0530 [DEBUG] [org.gradle.cache.internal.DefaultFileLockManager] Waiting to acquire exclusive lock on daemon addresses registry.
2024-04-16T04:08:16.418+0530 [DEBUG] [org.gradle.cache.internal.DefaultFileLockManager] Lock acquired on daemon addresses registry.
2024-04-16T04:08:16.420+0530 [DEBUG] [org.gradle.cache.internal.DefaultFileLockManager] Releasing lock on daemon addresses registry.
2024-04-16T04:08:16.420+0530 [DEBUG] [org.gradle.launcher.daemon.server.DaemonStateCoordinator] daemon is running. Sleeping until state changes.
2024-04-16T04:08:16.420+0530 [DEBUG] [org.gradle.launcher.daemon.server.exec.ReturnResult] Daemon is dispatching the build result: Success[value=org.gradle.launcher.exec.BuildActionResult@6dc9df74]
2024-04-16T04:08:16.420+0530 [DEBUG] [org.gradle.launcher.daemon.server.SynchronizedDispatchConnection] thread 228: dispatching Success[value=org.gradle.launcher.exec.BuildActionResult@6dc9df74]
2024-04-16T04:08:16.421+0530 [DEBUG] [org.gradle.launcher.daemon.server.DefaultIncomingConnectionHandler] Finishing executing command: Build{id=2326924d-1835-475e-8f5c-7ddf77e5aea1, currentDir=C:\Users\DELL\StudioProjects\Study}
2024-04-16T04:08:16.422+0530 [DEBUG] [org.gradle.launcher.daemon.server.SynchronizedDispatchConnection] thread 229: received class org.gradle.launcher.daemon.protocol.Finished
2024-04-16T04:08:16.422+0530 [DEBUG] [org.gradle.launcher.daemon.server.DefaultDaemonConnection] thread 229: Received non-IO message from client: org.gradle.launcher.daemon.protocol.Finished@52e1297f
2024-04-16T04:08:16.422+0530 [DEBUG] [org.gradle.launcher.daemon.server.DefaultIncomingConnectionHandler] Received finished message: org.gradle.launcher.daemon.protocol.Finished@52e1297f
2024-04-16T04:08:16.422+0530 [DEBUG] [org.gradle.launcher.daemon.server.SynchronizedDispatchConnection] thread 228: stopping connection
2024-04-16T04:08:16.422+0530 [DEBUG] [org.gradle.internal.remote.internal.inet.SocketConnection] Discarding EOFException: java.io.EOFException
2024-04-16T04:08:16.422+0530 [DEBUG] [org.gradle.launcher.daemon.server.SynchronizedDispatchConnection] thread 229: received null
2024-04-16T04:08:16.422+0530 [DEBUG] [org.gradle.launcher.daemon.server.DefaultDaemonConnection] thread 229: Received end-of-input from client.
2024-04-16T04:08:16.422+0530 [DEBUG] [org.gradle.launcher.daemon.server.SynchronizedDispatchConnection] thread 228: stopping connection
2024-04-16T04:08:23.845+0530 [DEBUG] [org.gradle.cache.internal.DefaultFileLockManager] Waiting to acquire shared lock on daemon addresses registry.
2024-04-16T04:08:23.845+0530 [DEBUG] [org.gradle.cache.internal.DefaultFileLockManager] Lock acquired on daemon addresses registry.
2024-04-16T04:08:23.846+0530 [DEBUG] [org.gradle.cache.internal.DefaultFileLockManager] Releasing lock on daemon addresses registry.
2024-04-16T04:08:23.847+0530 [DEBUG] [org.gradle.cache.internal.DefaultFileLockManager] Waiting to acquire shared lock on daemon addresses registry.
2024-04-16T04:08:23.847+0530 [DEBUG] [org.gradle.cache.internal.DefaultFileLockManager] Lock acquired on daemon addresses registry.
2024-04-16T04:08:23.847+0530 [DEBUG] [org.gradle.cache.internal.DefaultFileLockManager] Releasing lock on daemon addresses registry.
2024-04-16T04:08:33.847+0530 [DEBUG] [org.gradle.cache.internal.DefaultFileLockManager] Waiting to acquire shared lock on daemon addresses registry.
2024-04-16T04:08:33.847+0530 [DEBUG] [org.gradle.cache.internal.DefaultFileLockManager] Lock acquired on daemon addresses registry.
2024-04-16T04:08:33.848+0530 [DEBUG] [org.gradle.cache.internal.DefaultFileLockManager] Releasing lock on daemon addresses registry.
2024-04-16T04:08:33.848+0530 [DEBUG] [org.gradle.cache.internal.DefaultFileLockManager] Waiting to acquire shared lock on daemon addresses registry.
2024-04-16T04:08:33.848+0530 [DEBUG] [org.gradle.cache.internal.DefaultFileLockManager] Lock acquired on daemon addresses registry.
2024-04-16T04:08:33.848+0530 [DEBUG] [org.gradle.cache.internal.DefaultFileLockManager] Releasing lock on daemon addresses registry.
2024-04-16T04:08:33.849+0530 [DEBUG] [org.gradle.cache.internal.DefaultFileLockManager] Waiting to acquire shared lock on daemon addresses registry.
2024-04-16T04:08:33.849+0530 [DEBUG] [org.gradle.cache.internal.DefaultFileLockManager] Lock acquired on daemon addresses registry.
2024-04-16T04:08:33.849+0530 [DEBUG] [org.gradle.cache.internal.DefaultFileLockManager] Releasing lock on daemon addresses registry.
2024-04-16T04:08:43.849+0530 [DEBUG] [org.gradle.cache.internal.DefaultFileLockManager] Waiting to acquire shared lock on daemon addresses registry.
2024-04-16T04:08:43.850+0530 [DEBUG] [org.gradle.cache.internal.DefaultFileLockManager] Lock acquired on daemon addresses registry.
2024-04-16T04:08:43.850+0530 [DEBUG] [org.gradle.cache.internal.DefaultFileLockManager] Releasing lock on daemon addresses registry.
2024-04-16T04:08:43.851+0530 [DEBUG] [org.gradle.cache.internal.DefaultFileLockManager] Waiting to acquire shared lock on daemon addresses registry.
2024-04-16T04:08:43.851+0530 [DEBUG] [org.gradle.cache.internal.DefaultFileLockManager] Lock acquired on daemon addresses registry.
2024-04-16T04:08:43.851+0530 [DEBUG] [org.gradle.cache.internal.DefaultFileLockManager] Releasing lock on daemon addresses registry.
2024-04-16T04:08:43.852+0530 [DEBUG] [org.gradle.cache.internal.DefaultFileLockManager] Waiting to acquire shared lock on daemon addresses registry.
2024-04-16T04:08:43.852+0530 [DEBUG] [org.gradle.cache.internal.DefaultFileLockManager] Lock acquired on daemon addresses registry.
2024-04-16T04:08:43.852+0530 [DEBUG] [org.gradle.cache.internal.DefaultFileLockManager] Releasing lock on daemon addresses registry.
2024-04-16T04:08:53.855+0530 [DEBUG] [org.gradle.cache.internal.DefaultFileLockManager] Waiting to acquire shared lock on daemon addresses registry.
2024-04-16T04:08:53.855+0530 [DEBUG] [org.gradle.cache.internal.DefaultFileLockManager] Lock acquired on daemon addresses registry.
2024-04-16T04:08:53.855+0530 [DEBUG] [org.gradle.cache.internal.DefaultFileLockManager] Releasing lock on daemon addresses registry.
2024-04-16T04:08:53.856+0530 [DEBUG] [org.gradle.cache.internal.DefaultFileLockManager] Waiting to acquire shared lock on daemon addresses registry.
2024-04-16T04:08:53.856+0530 [DEBUG] [org.gradle.cache.internal.DefaultFileLockManager] Lock acquired on daemon addresses registry.
2024-04-16T04:08:53.856+0530 [DEBUG] [org.gradle.cache.internal.DefaultFileLockManager] Releasing lock on daemon addresses registry.
2024-04-16T04:08:53.857+0530 [DEBUG] [org.gradle.cache.internal.DefaultFileLockManager] Waiting to acquire shared lock on daemon addresses registry.
2024-04-16T04:08:53.857+0530 [DEBUG] [org.gradle.cache.internal.DefaultFileLockManager] Lock acquired on daemon addresses registry.
2024-04-16T04:08:53.857+0530 [DEBUG] [org.gradle.cache.internal.DefaultFileLockManager] Releasing lock on daemon addresses registry.
2024-04-16T04:09:03.845+0530 [DEBUG] [org.gradle.cache.internal.DefaultFileLockManager] Waiting to acquire shared lock on daemon addresses registry.
2024-04-16T04:09:03.846+0530 [DEBUG] [org.gradle.cache.internal.DefaultFileLockManager] Lock acquired on daemon addresses registry.
2024-04-16T04:09:03.846+0530 [DEBUG] [org.gradle.cache.internal.DefaultFileLockManager] Releasing lock on daemon addresses registry.
2024-04-16T04:09:03.846+0530 [DEBUG] [org.gradle.cache.internal.DefaultFileLockManager] Waiting to acquire shared lock on daemon addresses registry.
2024-04-16T04:09:03.847+0530 [DEBUG] [org.gradle.cache.internal.DefaultFileLockManager] Lock acquired on daemon addresses registry.
2024-04-16T04:09:03.847+0530 [DEBUG] [org.gradle.cache.internal.DefaultFileLockManager] Releasing lock on daemon addresses registry.
2024-04-16T04:09:03.847+0530 [DEBUG] [org.gradle.cache.internal.DefaultFileLockManager] Waiting to acquire shared lock on daemon addresses registry.
2024-04-16T04:09:03.847+0530 [DEBUG] [org.gradle.cache.internal.DefaultFileLockManager] Lock acquired on daemon addresses registry.
2024-04-16T04:09:03.847+0530 [DEBUG] [org.gradle.cache.internal.DefaultFileLockManager] Releasing lock on daemon addresses registry.
2024-04-16T04:09:13.854+0530 [DEBUG] [org.gradle.cache.internal.DefaultFileLockManager] Waiting to acquire shared lock on daemon addresses registry.
2024-04-16T04:09:13.855+0530 [DEBUG] [org.gradle.cache.internal.DefaultFileLockManager] Lock acquired on daemon addresses registry.
2024-04-16T04:09:13.855+0530 [DEBUG] [org.gradle.cache.internal.DefaultFileLockManager] Releasing lock on daemon addresses registry.
2024-04-16T04:09:13.856+0530 [DEBUG] [org.gradle.cache.internal.DefaultFileLockManager] Waiting to acquire shared lock on daemon addresses registry.
2024-04-16T04:09:13.856+0530 [DEBUG] [org.gradle.cache.internal.DefaultFileLockManager] Lock acquired on daemon addresses registry.
2024-04-16T04:09:13.856+0530 [DEBUG] [org.gradle.cache.internal.DefaultFileLockManager] Releasing lock on daemon addresses registry.
2024-04-16T04:09:13.857+0530 [DEBUG] [org.gradle.cache.internal.DefaultFileLockManager] Waiting to acquire shared lock on daemon addresses registry.
2024-04-16T04:09:13.857+0530 [DEBUG] [org.gradle.cache.internal.DefaultFileLockManager] Lock acquired on daemon addresses registry.
2024-04-16T04:09:13.857+0530 [DEBUG] [org.gradle.cache.internal.DefaultFileLockManager] Releasing lock on daemon addresses registry.
2024-04-16T04:09:22.808+0530 [DEBUG] [org.gradle.internal.watch.vfs.impl.WatchingVirtualFileSystem] Handling VFS change CREATED C:\Users\DELL\StudioProjects\Study\app\src\main\res\drawable\circular_background.xml~
2024-04-16T04:09:22.808+0530 [DEBUG] [org.gradle.internal.watch.vfs.impl.WatchingVirtualFileSystem] Handling VFS change MODIFIED C:\Users\DELL\StudioProjects\Study\app\src\main\res\drawable\circular_background.xml
2024-04-16T04:09:23.843+0530 [DEBUG] [org.gradle.cache.internal.DefaultFileLockManager] Waiting to acquire shared lock on daemon addresses registry.
2024-04-16T04:09:23.843+0530 [DEBUG] [org.gradle.cache.internal.DefaultFileLockManager] Lock acquired on daemon addresses registry.
2024-04-16T04:09:23.843+0530 [DEBUG] [org.gradle.cache.internal.DefaultFileLockManager] Releasing lock on daemon addresses registry.
2024-04-16T04:09:23.844+0530 [DEBUG] [org.gradle.cache.internal.DefaultFileLockManager] Waiting to acquire shared lock on daemon addresses registry.
2024-04-16T04:09:23.844+0530 [DEBUG] [org.gradle.cache.internal.DefaultFileLockManager] Lock acquired on daemon addresses registry.
2024-04-16T04:09:23.844+0530 [DEBUG] [org.gradle.cache.internal.DefaultFileLockManager] Releasing lock on daemon addresses registry.
2024-04-16T04:09:23.845+0530 [DEBUG] [org.gradle.cache.internal.DefaultFileLockManager] Waiting to acquire shared lock on daemon addresses registry.
2024-04-16T04:09:23.845+0530 [DEBUG] [org.gradle.cache.internal.DefaultFileLockManager] Lock acquired on daemon addresses registry.
2024-04-16T04:09:23.845+0530 [DEBUG] [org.gradle.cache.internal.DefaultFileLockManager] Releasing lock on daemon addresses registry.
2024-04-16T04:09:33.853+0530 [DEBUG] [org.gradle.cache.internal.DefaultFileLockManager] Waiting to acquire shared lock on daemon addresses registry.
2024-04-16T04:09:33.853+0530 [DEBUG] [org.gradle.cache.internal.DefaultFileLockManager] Lock acquired on daemon addresses registry.
2024-04-16T04:09:33.853+0530 [DEBUG] [org.gradle.cache.internal.DefaultFileLockManager] Releasing lock on daemon addresses registry.
2024-04-16T04:09:33.854+0530 [DEBUG] [org.gradle.cache.internal.DefaultFileLockManager] Waiting to acquire shared lock on daemon addresses registry.
2024-04-16T04:09:33.854+0530 [DEBUG] [org.gradle.cache.internal.DefaultFileLockManager] Lock acquired on daemon addresses registry.
2024-04-16T04:09:33.854+0530 [DEBUG] [org.gradle.cache.internal.DefaultFileLockManager] Releasing lock on daemon addresses registry.
2024-04-16T04:09:33.855+0530 [DEBUG] [org.gradle.cache.internal.DefaultFileLockManager] Waiting to acquire shared lock on daemon addresses registry.
2024-04-16T04:09:33.855+0530 [DEBUG] [org.gradle.cache.internal.DefaultFileLockManager] Lock acquired on daemon addresses registry.
2024-04-16T04:09:33.855+0530 [DEBUG] [org.gradle.cache.internal.DefaultFileLockManager] Releasing lock on daemon addresses registry.
2024-04-16T04:09:41.091+0530 [DEBUG] [org.gradle.internal.watch.vfs.impl.WatchingVirtualFileSystem] Handling VFS change MODIFIED C:\Users\DELL\StudioProjects\Study\app\src\main\res\drawable\shape_dialog.xml
2024-04-16T04:09:43.852+0530 [DEBUG] [org.gradle.cache.internal.DefaultFileLockManager] Waiting to acquire shared lock on daemon addresses registry.
2024-04-16T04:09:43.853+0530 [DEBUG] [org.gradle.cache.internal.DefaultFileLockManager] Lock acquired on daemon addresses registry.
2024-04-16T04:09:43.853+0530 [DEBUG] [org.gradle.cache.internal.DefaultFileLockManager] Releasing lock on daemon addresses registry.
2024-04-16T04:09:43.854+0530 [DEBUG] [org.gradle.cache.internal.DefaultFileLockManager] Waiting to acquire shared lock on daemon addresses registry.
2024-04-16T04:09:43.854+0530 [DEBUG] [org.gradle.cache.internal.DefaultFileLockManager] Lock acquired on daemon addresses registry.
2024-04-16T04:09:43.854+0530 [DEBUG] [org.gradle.cache.internal.DefaultFileLockManager] Releasing lock on daemon addresses registry.
2024-04-16T04:09:43.854+0530 [DEBUG] [org.gradle.cache.internal.DefaultFileLockManager] Waiting to acquire shared lock on daemon addresses registry.
2024-04-16T04:09:43.855+0530 [DEBUG] [org.gradle.cache.internal.DefaultFileLockManager] Lock acquired on daemon addresses registry.
2024-04-16T04:09:43.855+0530 [DEBUG] [org.gradle.cache.internal.DefaultFileLockManager] Releasing lock on daemon addresses registry.
2024-04-16T04:09:53.850+0530 [DEBUG] [org.gradle.cache.internal.DefaultFileLockManager] Waiting to acquire shared lock on daemon addresses registry.
2024-04-16T04:09:53.850+0530 [DEBUG] [org.gradle.cache.internal.DefaultFileLockManager] Lock acquired on daemon addresses registry.
2024-04-16T04:09:53.850+0530 [DEBUG] [org.gradle.cache.internal.DefaultFileLockManager] Releasing lock on daemon addresses registry.
2024-04-16T04:09:53.851+0530 [DEBUG] [org.gradle.cache.internal.DefaultFileLockManager] Waiting to acquire shared lock on daemon addresses registry.
2024-04-16T04:09:53.851+0530 [DEBUG] [org.gradle.cache.internal.DefaultFileLockManager] Lock acquired on daemon addresses registry.
2024-04-16T04:09:53.851+0530 [DEBUG] [org.gradle.cache.internal.DefaultFileLockManager] Releasing lock on daemon addresses registry.
2024-04-16T04:09:53.852+0530 [DEBUG] [org.gradle.cache.internal.DefaultFileLockManager] Waiting to acquire shared lock on daemon addresses registry.
2024-04-16T04:09:53.852+0530 [DEBUG] [org.gradle.cache.internal.DefaultFileLockManager] Lock acquired on daemon addresses registry.
2024-04-16T04:09:53.852+0530 [DEBUG] [org.gradle.cache.internal.DefaultFileLockManager] Releasing lock on daemon addresses registry.
2024-04-16T04:09:54.697+0530 [DEBUG] [org.gradle.internal.remote.internal.inet.TcpIncomingConnector] Accepted connection from /127.0.0.1:58243 to /127.0.0.1:58223.
2024-04-16T04:09:54.701+0530 [DEBUG] [org.gradle.launcher.daemon.server.SynchronizedDispatchConnection] thread 301: received class org.gradle.launcher.daemon.protocol.Build
2024-04-16T04:09:54.701+0530 [DEBUG] [org.gradle.launcher.daemon.server.DefaultDaemonConnection] thread 301: Received non-IO message from client: Build{id=ee25f99b-0c23-463b-a061-0ca99dc5f01d, currentDir=C:\Users\DELL\StudioProjects\Study}
2024-04-16T04:09:54.701+0530 [INFO] [org.gradle.launcher.daemon.server.DefaultIncomingConnectionHandler] Received command: Build{id=ee25f99b-0c23-463b-a061-0ca99dc5f01d, currentDir=C:\Users\DELL\StudioProjects\Study}.
2024-04-16T04:09:54.701+0530 [DEBUG] [org.gradle.launcher.daemon.server.DefaultIncomingConnectionHandler] Starting executing command: Build{id=ee25f99b-0c23-463b-a061-0ca99dc5f01d, currentDir=C:\Users\DELL\StudioProjects\Study} with connection: socket connection from /127.0.0.1:58223 to /127.0.0.1:58243.
2024-04-16T04:09:54.701+0530 [DEBUG] [org.gradle.launcher.daemon.server.DaemonStateCoordinator] Command execution: started DaemonCommandExecution[command = Build{id=ee25f99b-0c23-463b-a061-0ca99dc5f01d, currentDir=C:\Users\DELL\StudioProjects\Study}, connection = DefaultDaemonConnection: socket connection from /127.0.0.1:58223 to /127.0.0.1:58243] after 1.0 minutes of idle
2024-04-16T04:09:54.702+0530 [INFO] [org.gradle.launcher.daemon.server.DaemonRegistryUpdater] Marking the daemon as busy, address: [572ec407-bc06-4837-9c12-4b7bbc31e966 port:58223, addresses:[localhost/127.0.0.1]]
2024-04-16T04:09:54.702+0530 [DEBUG] [org.gradle.launcher.daemon.registry.PersistentDaemonRegistry] Marking busy by address: [572ec407-bc06-4837-9c12-4b7bbc31e966 port:58223, addresses:[localhost/127.0.0.1]]
2024-04-16T04:09:54.702+0530 [DEBUG] [org.gradle.cache.internal.DefaultFileLockManager] Waiting to acquire exclusive lock on daemon addresses registry.
2024-04-16T04:09:54.703+0530 [DEBUG] [org.gradle.cache.internal.DefaultFileLockManager] Lock acquired on daemon addresses registry.
2024-04-16T04:09:54.704+0530 [DEBUG] [org.gradle.cache.internal.DefaultFileLockManager] Releasing lock on daemon addresses registry.
2024-04-16T04:09:54.704+0530 [DEBUG] [org.gradle.launcher.daemon.server.DaemonStateCoordinator] resetting idle timer
2024-04-16T04:09:54.704+0530 [DEBUG] [org.gradle.launcher.daemon.server.DaemonStateCoordinator] daemon is running. Sleeping until state changes.
2024-04-16T04:09:54.704+0530 [INFO] [org.gradle.launcher.daemon.server.exec.StartBuildOrRespondWithBusy] Daemon is about to start building Build{id=ee25f99b-0c23-463b-a061-0ca99dc5f01d, currentDir=C:\Users\DELL\StudioProjects\Study}. Dispatching build started information...
2024-04-16T04:09:54.704+0530 [DEBUG] [org.gradle.launcher.daemon.server.SynchronizedDispatchConnection] thread 303: dispatching org.gradle.launcher.daemon.protocol.BuildStarted@36b04ec4
2024-04-16T04:09:54.705+0530 [DEBUG] [org.gradle.launcher.daemon.server.exec.EstablishBuildEnvironment] Configuring env variables: [USERDOMAIN_ROAMINGPROFILE, LOCALAPPDATA, PROCESSOR_LEVEL, USERDOMAIN, LOGONSERVER, FPS_BROWSER_APP_PROFILE_STRING, SESSIONNAME, ALLUSERSPROFILE, PROCESSOR_ARCHITECTURE, PSModulePath, SystemDrive, OneDrive, APPDATA, USERNAME, ProgramFiles(x86), VBOX_MSI_INSTALL_PATH, CommonProgramFiles, Path, FPS_BROWSER_USER_PROFILE_STRING, PATHEXT, EFC_2728, DriverData, OS, COMPUTERNAME, PROCESSOR_REVISION, CommonProgramW6432, NodeJs, ComSpec, ProgramData, ProgramW6432, TEMP, HOMEPATH, SystemRoot, PROCESSOR_IDENTIFIER, HOMEDRIVE, USERPROFILE, TMP, CommonProgramFiles(x86), ProgramFiles, PUBLIC, windir, NUMBER_OF_PROCESSORS, =::, IDEA_INITIAL_DIRECTORY]
2024-04-16T04:09:54.705+0530 [DEBUG] [org.gradle.launcher.daemon.server.SynchronizedDispatchConnection] thread 301: received class org.gradle.launcher.daemon.protocol.CloseInput
2024-04-16T04:09:54.705+0530 [DEBUG] [org.gradle.launcher.daemon.server.DefaultDaemonConnection] thread 301: Received IO message from client: org.gradle.launcher.daemon.protocol.CloseInput@7d3f21f4
2024-04-16T04:09:54.706+0530 [DEBUG] [org.gradle.launcher.daemon.server.exec.LogToClient] About to start relaying all logs to the client via the connection.
2024-04-16T04:09:54.706+0530 [INFO] [org.gradle.launcher.daemon.server.exec.LogToClient] The client will now receive all logging from the daemon (pid: 20212). The daemon log file: C:\Users\DELL\Videos\YashProject\AdminCollegeAPP\daemon\8.4\daemon-20212.out.log
2024-04-16T04:09:54.706+0530 [INFO] [org.gradle.launcher.daemon.server.exec.LogAndCheckHealth] Starting 3rd build in daemon [uptime: 3 mins 1.164 secs, performance: 99%, GC rate: 0.00/s, heap usage: 0% of 2 GiB]
2024-04-16T04:09:54.706+0530 [DEBUG] [org.gradle.launcher.daemon.server.exec.ExecuteBuild] The daemon has started executing the build.
2024-04-16T04:09:54.707+0530 [DEBUG] [org.gradle.launcher.daemon.server.exec.ExecuteBuild] Executing build with daemon context: DefaultDaemonContext[uid=7108db64-9561-479f-b38f-a42c669309c5,javaHome=D:\Android\jbr,daemonRegistryDir=C:\Users\DELL\Videos\YashProject\AdminCollegeAPP\daemon,pid=20212,idleTimeout=10800000,priority=NORMAL,applyInstrumentationAgent=true,daemonOpts=--add-opens=java.base/java.util=ALL-UNNAMED,--add-opens=java.base/java.lang=ALL-UNNAMED,--add-opens=java.base/java.lang.invoke=ALL-UNNAMED,--add-opens=java.prefs/java.util.prefs=ALL-UNNAMED,--add-opens=java.base/java.nio.charset=ALL-UNNAMED,--add-opens=java.base/java.net=ALL-UNNAMED,--add-opens=java.base/java.util.concurrent.atomic=ALL-UNNAMED,-Xmx2048m,-Dfile.encoding=UTF-8,-Duser.country=IN,-Duser.language=en,-Duser.variant]
2024-04-16T04:09:54.707+0530 [INFO] [org.gradle.launcher.daemon.server.exec.ForwardClientInput] Closing daemon's stdin at end of input.
2024-04-16T04:09:54.707+0530 [INFO] [org.gradle.launcher.daemon.server.exec.ForwardClientInput] The daemon will no longer process any standard input.

Deprecated Gradle features were used in this build, making it incompatible with Gradle 9.0.

You can use '--warning-mode all' to show the individual deprecation warnings and determine if they come from your own scripts or plugins.

For more on this, please refer to https://docs.gradle.org/8.4/userguide/command_line_interface.html#sec:command_line_warnings in the Gradle documentation.

BUILD SUCCESSFUL in 1s
35 actionable tasks: 7 executed, 28 up-to-date
2024-04-16T04:09:56.680+0530 [DEBUG] [org.gradle.launcher.daemon.server.exec.ExecuteBuild] The daemon has finished executing the build.
2024-04-16T04:09:56.697+0530 [DEBUG] [org.gradle.launcher.daemon.server.DaemonStateCoordinator] daemon is running. Sleeping until state changes.
2024-04-16T04:09:56.697+0530 [DEBUG] [org.gradle.launcher.daemon.server.DaemonStateCoordinator] Command execution: finished waiting for DaemonCommandExecution[command = Build{id=ee25f99b-0c23-463b-a061-0ca99dc5f01d, currentDir=C:\Users\DELL\StudioProjects\Study}, connection = DefaultDaemonConnection: socket connection from /127.0.0.1:58223 to /127.0.0.1:58243]. Result org.gradle.launcher.daemon.server.DaemonStateCoordinator@98ceac3 with state Busy
2024-04-16T04:09:56.698+0530 [DEBUG] [org.gradle.launcher.daemon.server.DaemonStateCoordinator] Command execution: completed DaemonCommandExecution[command = Build{id=ee25f99b-0c23-463b-a061-0ca99dc5f01d, currentDir=C:\Users\DELL\StudioProjects\Study}, connection = DefaultDaemonConnection: socket connection from /127.0.0.1:58223 to /127.0.0.1:58243]
2024-04-16T04:09:56.698+0530 [DEBUG] [org.gradle.launcher.daemon.server.DaemonStateCoordinator] resetting idle timer
2024-04-16T04:09:56.698+0530 [INFO] [org.gradle.launcher.daemon.server.DaemonRegistryUpdater] Marking the daemon as idle, address: [572ec407-bc06-4837-9c12-4b7bbc31e966 port:58223, addresses:[localhost/127.0.0.1]]
2024-04-16T04:09:56.698+0530 [DEBUG] [org.gradle.launcher.daemon.registry.PersistentDaemonRegistry] Marking busy by address: [572ec407-bc06-4837-9c12-4b7bbc31e966 port:58223, addresses:[localhost/127.0.0.1]]
2024-04-16T04:09:56.699+0530 [DEBUG] [org.gradle.cache.internal.DefaultFileLockManager] Waiting to acquire exclusive lock on daemon addresses registry.
2024-04-16T04:09:56.699+0530 [DEBUG] [org.gradle.cache.internal.DefaultFileLockManager] Lock acquired on daemon addresses registry.
2024-04-16T04:09:56.700+0530 [DEBUG] [org.gradle.cache.internal.DefaultFileLockManager] Releasing lock on daemon addresses registry.
2024-04-16T04:09:56.701+0530 [DEBUG] [org.gradle.launcher.daemon.server.DaemonStateCoordinator] daemon is running. Sleeping until state changes.
2024-04-16T04:09:56.701+0530 [DEBUG] [org.gradle.launcher.daemon.server.exec.ReturnResult] Daemon is dispatching the build result: Success[value=org.gradle.launcher.exec.BuildActionResult@e50cac0]
2024-04-16T04:09:56.701+0530 [DEBUG] [org.gradle.launcher.daemon.server.SynchronizedDispatchConnection] thread 300: dispatching Success[value=org.gradle.launcher.exec.BuildActionResult@e50cac0]
2024-04-16T04:09:56.701+0530 [DEBUG] [org.gradle.launcher.daemon.server.DefaultIncomingConnectionHandler] Finishing executing command: Build{id=ee25f99b-0c23-463b-a061-0ca99dc5f01d, currentDir=C:\Users\DELL\StudioProjects\Study}
2024-04-16T04:09:56.701+0530 [DEBUG] [org.gradle.launcher.daemon.server.SynchronizedDispatchConnection] thread 301: received class org.gradle.launcher.daemon.protocol.Finished
2024-04-16T04:09:56.702+0530 [DEBUG] [org.gradle.launcher.daemon.server.DefaultDaemonConnection] thread 301: Received non-IO message from client: org.gradle.launcher.daemon.protocol.Finished@73f8d023
2024-04-16T04:09:56.702+0530 [DEBUG] [org.gradle.launcher.daemon.server.DefaultIncomingConnectionHandler] Received finished message: org.gradle.launcher.daemon.protocol.Finished@73f8d023
2024-04-16T04:09:56.702+0530 [DEBUG] [org.gradle.launcher.daemon.server.SynchronizedDispatchConnection] thread 300: stopping connection
2024-04-16T04:09:56.702+0530 [DEBUG] [org.gradle.internal.remote.internal.inet.SocketConnection] Discarding EOFException: java.io.EOFException
2024-04-16T04:09:56.702+0530 [DEBUG] [org.gradle.launcher.daemon.server.SynchronizedDispatchConnection] thread 301: received null
2024-04-16T04:09:56.702+0530 [DEBUG] [org.gradle.launcher.daemon.server.DefaultDaemonConnection] thread 301: Received end-of-input from client.
2024-04-16T04:09:56.703+0530 [DEBUG] [org.gradle.launcher.daemon.server.SynchronizedDispatchConnection] thread 300: stopping connection
2024-04-16T04:09:58.063+0530 [DEBUG] [org.gradle.process.internal.health.memory.DefaultMemoryManager] 789394636 physical memory requested, 728576000 free
2024-04-16T04:09:58.063+0530 [DEBUG] [org.gradle.workers.internal.WorkerDaemonExpiration] Will attempt to release 752 of memory
2024-04-16T04:09:58.063+0530 [DEBUG] [org.gradle.process.internal.health.memory.DefaultMemoryManager] 789394636 physical memory requested, 0 released, 728576000 free
2024-04-16T04:10:03.059+0530 [DEBUG] [org.gradle.process.internal.health.memory.DefaultMemoryManager] 789394636 physical memory requested, 772935680 free
2024-04-16T04:10:03.059+0530 [DEBUG] [org.gradle.workers.internal.WorkerDaemonExpiration] Will attempt to release 752 of memory
2024-04-16T04:10:03.059+0530 [DEBUG] [org.gradle.process.internal.health.memory.DefaultMemoryManager] 789394636 physical memory requested, 0 released, 772935680 free
2024-04-16T04:10:03.851+0530 [DEBUG] [org.gradle.cache.internal.DefaultFileLockManager] Waiting to acquire shared lock on daemon addresses registry.
2024-04-16T04:10:03.852+0530 [DEBUG] [org.gradle.cache.internal.DefaultFileLockManager] Lock acquired on daemon addresses registry.
2024-04-16T04:10:03.852+0530 [DEBUG] [org.gradle.cache.internal.DefaultFileLockManager] Releasing lock on daemon addresses registry.
2024-04-16T04:10:03.853+0530 [DEBUG] [org.gradle.cache.internal.DefaultFileLockManager] Waiting to acquire shared lock on daemon addresses registry.
2024-04-16T04:10:03.853+0530 [DEBUG] [org.gradle.cache.internal.DefaultFileLockManager] Lock acquired on daemon addresses registry.
2024-04-16T04:10:03.853+0530 [DEBUG] [org.gradle.cache.internal.DefaultFileLockManager] Releasing lock on daemon addresses registry.
2024-04-16T04:10:08.065+0530 [DEBUG] [org.gradle.process.internal.health.memory.DefaultMemoryManager] 789394636 physical memory requested, 748277760 free
2024-04-16T04:10:08.065+0530 [DEBUG] [org.gradle.workers.internal.WorkerDaemonExpiration] Will attempt to release 752 of memory
2024-04-16T04:10:08.065+0530 [DEBUG] [org.gradle.process.internal.health.memory.DefaultMemoryManager] 789394636 physical memory requested, 0 released, 748277760 free
2024-04-16T04:10:13.066+0530 [DEBUG] [org.gradle.process.internal.health.memory.DefaultMemoryManager] 789394636 physical memory requested, 747859968 free
2024-04-16T04:10:13.066+0530 [DEBUG] [org.gradle.workers.internal.WorkerDaemonExpiration] Will attempt to release 752 of memory
2024-04-16T04:10:13.066+0530 [DEBUG] [org.gradle.process.internal.health.memory.DefaultMemoryManager] 789394636 physical memory requested, 0 released, 747859968 free
2024-04-16T04:10:13.843+0530 [DEBUG] [org.gradle.cache.internal.DefaultFileLockManager] Waiting to acquire shared lock on daemon addresses registry.
2024-04-16T04:10:13.843+0530 [DEBUG] [org.gradle.cache.internal.DefaultFileLockManager] Lock acquired on daemon addresses registry.
2024-04-16T04:10:13.843+0530 [DEBUG] [org.gradle.cache.internal.DefaultFileLockManager] Releasing lock on daemon addresses registry.
2024-04-16T04:10:13.844+0530 [DEBUG] [org.gradle.cache.internal.DefaultFileLockManager] Waiting to acquire shared lock on daemon addresses registry.
2024-04-16T04:10:13.844+0530 [DEBUG] [org.gradle.cache.internal.DefaultFileLockManager] Lock acquired on daemon addresses registry.
2024-04-16T04:10:13.844+0530 [DEBUG] [org.gradle.cache.internal.DefaultFileLockManager] Releasing lock on daemon addresses registry.
2024-04-16T04:10:13.845+0530 [DEBUG] [org.gradle.cache.internal.DefaultFileLockManager] Waiting to acquire shared lock on daemon addresses registry.
2024-04-16T04:10:13.845+0530 [DEBUG] [org.gradle.cache.internal.DefaultFileLockManager] Lock acquired on daemon addresses registry.
2024-04-16T04:10:13.845+0530 [DEBUG] [org.gradle.cache.internal.DefaultFileLockManager] Releasing lock on daemon addresses registry.
2024-04-16T04:10:18.062+0530 [DEBUG] [org.gradle.process.internal.health.memory.DefaultMemoryManager] 789394636 physical memory requested, 748924928 free
2024-04-16T04:10:18.063+0530 [DEBUG] [org.gradle.workers.internal.WorkerDaemonExpiration] Will attempt to release 752 of memory
2024-04-16T04:10:18.063+0530 [DEBUG] [org.gradle.process.internal.health.memory.DefaultMemoryManager] 789394636 physical memory requested, 0 released, 748924928 free
2024-04-16T04:10:23.058+0530 [DEBUG] [org.gradle.process.internal.health.memory.DefaultMemoryManager] 789394636 physical memory requested, 749531136 free
2024-04-16T04:10:23.058+0530 [DEBUG] [org.gradle.workers.internal.WorkerDaemonExpiration] Will attempt to release 752 of memory
2024-04-16T04:10:23.058+0530 [DEBUG] [org.gradle.process.internal.health.memory.DefaultMemoryManager] 789394636 physical memory requested, 0 released, 749531136 free
2024-04-16T04:10:23.848+0530 [DEBUG] [org.gradle.cache.internal.DefaultFileLockManager] Waiting to acquire shared lock on daemon addresses registry.
2024-04-16T04:10:23.848+0530 [DEBUG] [org.gradle.cache.internal.DefaultFileLockManager] Lock acquired on daemon addresses registry.
2024-04-16T04:10:23.849+0530 [DEBUG] [org.gradle.cache.internal.DefaultFileLockManager] Releasing lock on daemon addresses registry.
2024-04-16T04:10:23.849+0530 [DEBUG] [org.gradle.cache.internal.DefaultFileLockManager] Waiting to acquire shared lock on daemon addresses registry.
2024-04-16T04:10:23.849+0530 [DEBUG] [org.gradle.cache.internal.DefaultFileLockManager] Lock acquired on daemon addresses registry.
2024-04-16T04:10:23.849+0530 [DEBUG] [org.gradle.cache.internal.DefaultFileLockManager] Releasing lock on daemon addresses registry.
2024-04-16T04:10:23.850+0530 [DEBUG] [org.gradle.cache.internal.DefaultFileLockManager] Waiting to acquire shared lock on daemon addresses registry.
2024-04-16T04:10:23.850+0530 [DEBUG] [org.gradle.cache.internal.DefaultFileLockManager] Lock acquired on daemon addresses registry.
2024-04-16T04:10:23.850+0530 [DEBUG] [org.gradle.cache.internal.DefaultFileLockManager] Releasing lock on daemon addresses registry.
2024-04-16T04:10:28.103+0530 [DEBUG] [org.gradle.process.internal.health.memory.DefaultMemoryManager] 789394636 physical memory requested, 675119104 free
2024-04-16T04:10:28.103+0530 [DEBUG] [org.gradle.workers.internal.WorkerDaemonExpiration] Will attempt to release 752 of memory
2024-04-16T04:10:28.103+0530 [DEBUG] [org.gradle.process.internal.health.memory.DefaultMemoryManager] 789394636 physical memory requested, 0 released, 675119104 free
2024-04-16T04:10:33.060+0530 [DEBUG] [org.gradle.process.internal.health.memory.DefaultMemoryManager] 789394636 physical memory requested, 710582272 free
2024-04-16T04:10:33.061+0530 [DEBUG] [org.gradle.workers.internal.WorkerDaemonExpiration] Will attempt to release 752 of memory
2024-04-16T04:10:33.061+0530 [DEBUG] [org.gradle.process.internal.health.memory.DefaultMemoryManager] 789394636 physical memory requested, 0 released, 710582272 free
2024-04-16T04:10:33.852+0530 [DEBUG] [org.gradle.cache.internal.DefaultFileLockManager] Waiting to acquire shared lock on daemon addresses registry.
2024-04-16T04:10:33.853+0530 [DEBUG] [org.gradle.cache.internal.DefaultFileLockManager] Lock acquired on daemon addresses registry.
2024-04-16T04:10:33.853+0530 [DEBUG] [org.gradle.cache.internal.DefaultFileLockManager] Releasing lock on daemon addresses registry.
2024-04-16T04:10:33.854+0530 [DEBUG] [org.gradle.cache.internal.DefaultFileLockManager] Waiting to acquire shared lock on daemon addresses registry.
2024-04-16T04:10:33.854+0530 [DEBUG] [org.gradle.cache.internal.DefaultFileLockManager] Lock acquired on daemon addresses registry.
2024-04-16T04:10:33.854+0530 [DEBUG] [org.gradle.cache.internal.DefaultFileLockManager] Releasing lock on daemon addresses registry.
2024-04-16T04:10:33.854+0530 [DEBUG] [org.gradle.cache.internal.DefaultFileLockManager] Waiting to acquire shared lock on daemon addresses registry.
2024-04-16T04:10:33.854+0530 [DEBUG] [org.gradle.cache.internal.DefaultFileLockManager] Lock acquired on daemon addresses registry.
2024-04-16T04:10:33.855+0530 [DEBUG] [org.gradle.cache.internal.DefaultFileLockManager] Releasing lock on daemon addresses registry.
2024-04-16T04:10:35.567+0530 [DEBUG] [org.gradle.internal.remote.internal.inet.TcpIncomingConnector] Accepted connection from /127.0.0.1:58250 to /127.0.0.1:58223.
2024-04-16T04:10:35.574+0530 [DEBUG] [org.gradle.launcher.daemon.server.SynchronizedDispatchConnection] thread 373: received class org.gradle.launcher.daemon.protocol.StopWhenIdle
2024-04-16T04:10:35.575+0530 [DEBUG] [org.gradle.launcher.daemon.server.DefaultDaemonConnection] thread 373: Received non-IO message from client: StopWhenIdle[id=38a7f6ad-b831-4d40-95a2-f07f6dd7af45]
2024-04-16T04:10:35.575+0530 [INFO] [org.gradle.launcher.daemon.server.DefaultIncomingConnectionHandler] Received command: StopWhenIdle[id=38a7f6ad-b831-4d40-95a2-f07f6dd7af45].
2024-04-16T04:10:35.575+0530 [DEBUG] [org.gradle.launcher.daemon.server.DefaultIncomingConnectionHandler] Starting executing command: StopWhenIdle[id=38a7f6ad-b831-4d40-95a2-f07f6dd7af45] with connection: socket connection from /127.0.0.1:58223 to /127.0.0.1:58250.
2024-04-16T04:10:35.575+0530 [DEBUG] [org.gradle.launcher.daemon.server.DaemonRegistryUpdater] Storing daemon stop event: stop command received
2024-04-16T04:10:35.575+0530 [DEBUG] [org.gradle.launcher.daemon.registry.PersistentDaemonRegistry] Storing daemon stop event with timestamp 1713220835576
2024-04-16T04:10:35.577+0530 [DEBUG] [org.gradle.cache.internal.DefaultFileLockManager] Waiting to acquire exclusive lock on daemon addresses registry.
2024-04-16T04:10:35.577+0530 [DEBUG] [org.gradle.cache.internal.DefaultFileLockManager] Lock acquired on daemon addresses registry.
2024-04-16T04:10:35.578+0530 [DEBUG] [org.gradle.cache.internal.DefaultFileLockManager] Releasing lock on daemon addresses registry.
2024-04-16T04:10:35.578+0530 [LIFECYCLE] [org.gradle.launcher.daemon.server.DaemonStateCoordinator] Daemon will be stopped at the end of the build stop command received
2024-04-16T04:10:35.578+0530 [DEBUG] [org.gradle.launcher.daemon.server.DaemonStateCoordinator] Marking daemon stopped due to stop command received. The daemon is running a build: false
2024-04-16T04:10:35.578+0530 [DEBUG] [org.gradle.launcher.daemon.server.SynchronizedDispatchConnection] thread 300: dispatching Success[value=null]
2024-04-16T04:10:35.578+0530 [DEBUG] [org.gradle.launcher.daemon.server.DaemonStateCoordinator] daemon has stopped.
2024-04-16T04:10:35.578+0530 [DEBUG] [org.gradle.launcher.daemon.server.Daemon] stop() called on daemon
2024-04-16T04:10:35.578+0530 [DEBUG] [org.gradle.launcher.daemon.server.DefaultIncomingConnectionHandler] Finishing executing command: StopWhenIdle[id=38a7f6ad-b831-4d40-95a2-f07f6dd7af45]
2024-04-16T04:10:35.578+0530 [INFO] [org.gradle.launcher.daemon.server.Daemon] Stop requested. Daemon is removing its presence from the registry...
2024-04-16T04:10:35.579+0530 [DEBUG] [org.gradle.launcher.daemon.server.DaemonRegistryUpdater] Removing our presence to clients, eg. removing this address from the registry: [572ec407-bc06-4837-9c12-4b7bbc31e966 port:58223, addresses:[localhost/127.0.0.1]]
2024-04-16T04:10:35.579+0530 [DEBUG] [org.gradle.launcher.daemon.registry.PersistentDaemonRegistry] Removing daemon address: [572ec407-bc06-4837-9c12-4b7bbc31e966 port:58223, addresses:[localhost/127.0.0.1]]
2024-04-16T04:10:35.579+0530 [DEBUG] [org.gradle.launcher.daemon.server.SynchronizedDispatchConnection] thread 373: received class org.gradle.launcher.daemon.protocol.Finished
2024-04-16T04:10:35.579+0530 [DEBUG] [org.gradle.launcher.daemon.server.DefaultDaemonConnection] thread 373: Received non-IO message from client: org.gradle.launcher.daemon.protocol.Finished@4bec4b4d
2024-04-16T04:10:35.579+0530 [DEBUG] [org.gradle.launcher.daemon.server.DefaultIncomingConnectionHandler] Received finished message: org.gradle.launcher.daemon.protocol.Finished@4bec4b4d
2024-04-16T04:10:35.579+0530 [DEBUG] [org.gradle.launcher.daemon.server.SynchronizedDispatchConnection] thread 300: stopping connection
2024-04-16T04:10:35.579+0530 [DEBUG] [org.gradle.internal.remote.internal.inet.SocketConnection] Discarding EOFException: java.io.EOFException
2024-04-16T04:10:35.579+0530 [DEBUG] [org.gradle.launcher.daemon.server.SynchronizedDispatchConnection] thread 373: received null
2024-04-16T04:10:35.579+0530 [DEBUG] [org.gradle.launcher.daemon.server.DefaultDaemonConnection] thread 373: Received end-of-input from client.
2024-04-16T04:10:35.580+0530 [DEBUG] [org.gradle.launcher.daemon.server.SynchronizedDispatchConnection] thread 300: stopping connection
2024-04-16T04:10:35.580+0530 [DEBUG] [org.gradle.cache.internal.DefaultFileLockManager] Waiting to acquire exclusive lock on daemon addresses registry.
2024-04-16T04:10:35.581+0530 [DEBUG] [org.gradle.cache.internal.DefaultFileLockManager] Lock acquired on daemon addresses registry.
2024-04-16T04:10:35.581+0530 [DEBUG] [org.gradle.cache.internal.DefaultFileLockManager] Releasing lock on daemon addresses registry.
2024-04-16T04:10:35.582+0530 [DEBUG] [org.gradle.launcher.daemon.server.DaemonRegistryUpdater] Address removed from registry.
2024-04-16T04:10:35.583+0530 [DEBUG] [org.gradle.cache.internal.LockOnDemandCrossProcessCacheAccess] Releasing file lock for jars (C:\Users\DELL\Videos\YashProject\AdminCollegeAPP\caches\jars-9)
2024-04-16T04:10:35.583+0530 [DEBUG] [org.gradle.cache.internal.DefaultFileLockManager] Releasing lock on jars (C:\Users\DELL\Videos\YashProject\AdminCollegeAPP\caches\jars-9).
2024-04-16T04:10:35.584+0530 [DEBUG] [org.gradle.cache.internal.DefaultPersistentDirectoryStore] jars (C:\Users\DELL\Videos\YashProject\AdminCollegeAPP\caches\jars-9) has last been fully cleaned up 0 hours ago
2024-04-16T04:10:35.584+0530 [DEBUG] [org.gradle.cache.internal.LockOnDemandCrossProcessCacheAccess] Releasing file lock for Artifact transforms cache (C:\Users\DELL\Videos\YashProject\AdminCollegeAPP\caches\transforms-3)
2024-04-16T04:10:35.584+0530 [DEBUG] [org.gradle.cache.internal.DefaultFileLockManager] Releasing lock on Artifact transforms cache (C:\Users\DELL\Videos\YashProject\AdminCollegeAPP\caches\transforms-3).
2024-04-16T04:10:35.585+0530 [DEBUG] [org.gradle.cache.internal.DefaultPersistentDirectoryStore] Artifact transforms cache (C:\Users\DELL\Videos\YashProject\AdminCollegeAPP\caches\transforms-3) has last been fully cleaned up 0 hours ago
2024-04-16T04:10:35.596+0530 [DEBUG] [org.gradle.cache.internal.LockOnDemandCrossProcessCacheAccess] Releasing file lock for file content cache (C:\Users\DELL\Videos\YashProject\AdminCollegeAPP\caches\8.4\fileContent)
2024-04-16T04:10:35.597+0530 [DEBUG] [org.gradle.cache.internal.btree.BTreePersistentIndexedCache] Closing cache annotation-processors.bin (C:\Users\DELL\Videos\YashProject\AdminCollegeAPP\caches\8.4\fileContent\annotation-processors.bin)
2024-04-16T04:10:35.597+0530 [DEBUG] [org.gradle.cache.internal.DefaultFileLockManager] Releasing lock on file content cache (C:\Users\DELL\Videos\YashProject\AdminCollegeAPP\caches\8.4\fileContent).
2024-04-16T04:10:35.597+0530 [DEBUG] [org.gradle.internal.watch.vfs.impl.WatchingVirtualFileSystem] Closing VFS, dropping state
2024-04-16T04:10:35.599+0530 [DEBUG] [org.gradle.cache.internal.DefaultCacheCoordinator] Cache Generated Gradle JARs cache (C:\Users\DELL\Videos\YashProject\AdminCollegeAPP\caches\8.4\generated-gradle-jars) was closed 0 times.
2024-04-16T04:10:35.599+0530 [DEBUG] [org.gradle.internal.watch.registry.impl.DefaultFileWatcherRegistry] Finished listening to file system change events
2024-04-16T04:10:35.599+0530 [DEBUG] [org.gradle.cache.internal.LockOnDemandCrossProcessCacheAccess] Releasing file lock for artifact cache (C:\Users\DELL\Videos\YashProject\AdminCollegeAPP\caches\modules-2)
2024-04-16T04:10:35.599+0530 [DEBUG] [org.gradle.cache.internal.btree.BTreePersistentIndexedCache] Closing cache module-artifact.bin (C:\Users\DELL\Videos\YashProject\AdminCollegeAPP\caches\modules-2\metadata-2.106\module-artifact.bin)
2024-04-16T04:10:35.600+0530 [DEBUG] [org.gradle.cache.internal.btree.BTreePersistentIndexedCache] Closing cache module-metadata.bin (C:\Users\DELL\Videos\YashProject\AdminCollegeAPP\caches\modules-2\metadata-2.106\module-metadata.bin)
2024-04-16T04:10:35.600+0530 [DEBUG] [org.gradle.cache.internal.DefaultFileLockManager] Releasing lock on artifact cache (C:\Users\DELL\Videos\YashProject\AdminCollegeAPP\caches\modules-2).
2024-04-16T04:10:35.600+0530 [DEBUG] [org.gradle.cache.internal.DefaultPersistentDirectoryStore] artifact cache (C:\Users\DELL\Videos\YashProject\AdminCollegeAPP\caches\modules-2) has last been fully cleaned up 0 hours ago
2024-04-16T04:10:35.600+0530 [DEBUG] [org.gradle.cache.internal.LockOnDemandCrossProcessCacheAccess] Releasing file lock for journal cache (C:\Users\DELL\Videos\YashProject\AdminCollegeAPP\caches\journal-1)
2024-04-16T04:10:35.600+0530 [DEBUG] [org.gradle.cache.internal.btree.BTreePersistentIndexedCache] Closing cache file-access.bin (C:\Users\DELL\Videos\YashProject\AdminCollegeAPP\caches\journal-1\file-access.bin)
2024-04-16T04:10:35.601+0530 [DEBUG] [org.gradle.cache.internal.DefaultFileLockManager] Releasing lock on journal cache (C:\Users\DELL\Videos\YashProject\AdminCollegeAPP\caches\journal-1).
2024-04-16T04:10:35.601+0530 [DEBUG] [org.gradle.cache.internal.LockOnDemandCrossProcessCacheAccess] Releasing file lock for file hash cache (C:\Users\DELL\Videos\YashProject\AdminCollegeAPP\caches\8.4\fileHashes)
2024-04-16T04:10:35.601+0530 [DEBUG] [org.gradle.cache.internal.btree.BTreePersistentIndexedCache] Closing cache fileHashes.bin (C:\Users\DELL\Videos\YashProject\AdminCollegeAPP\caches\8.4\fileHashes\fileHashes.bin)
2024-04-16T04:10:35.601+0530 [DEBUG] [org.gradle.cache.internal.btree.BTreePersistentIndexedCache] Closing cache resourceHashesCache.bin (C:\Users\DELL\Videos\YashProject\AdminCollegeAPP\caches\8.4\fileHashes\resourceHashesCache.bin)
2024-04-16T04:10:35.601+0530 [DEBUG] [org.gradle.cache.internal.DefaultFileLockManager] Releasing lock on file hash cache (C:\Users\DELL\Videos\YashProject\AdminCollegeAPP\caches\8.4\fileHashes).
2024-04-16T04:10:35.602+0530 [DEBUG] [org.gradle.cache.internal.LockOnDemandCrossProcessCacheAccess] Releasing file lock for execution history cache (C:\Users\DELL\Videos\YashProject\AdminCollegeAPP\caches\8.4\executionHistory)
2024-04-16T04:10:35.602+0530 [DEBUG] [org.gradle.cache.internal.btree.BTreePersistentIndexedCache] Closing cache executionHistory.bin (C:\Users\DELL\Videos\YashProject\AdminCollegeAPP\caches\8.4\executionHistory\executionHistory.bin)
2024-04-16T04:10:35.602+0530 [DEBUG] [org.gradle.cache.internal.DefaultFileLockManager] Releasing lock on execution history cache (C:\Users\DELL\Videos\YashProject\AdminCollegeAPP\caches\8.4\executionHistory).
2024-04-16T04:10:35.603+0530 [DEBUG] [org.gradle.cache.internal.LockOnDemandCrossProcessCacheAccess] Releasing file lock for Java compile cache (C:\Users\DELL\Videos\YashProject\AdminCollegeAPP\caches\8.4\javaCompile)
2024-04-16T04:10:35.603+0530 [DEBUG] [org.gradle.cache.internal.btree.BTreePersistentIndexedCache] Closing cache jarAnalysis.bin (C:\Users\DELL\Videos\YashProject\AdminCollegeAPP\caches\8.4\javaCompile\jarAnalysis.bin)
2024-04-16T04:10:35.604+0530 [DEBUG] [org.gradle.cache.internal.btree.BTreePersistentIndexedCache] Closing cache classAnalysis.bin (C:\Users\DELL\Videos\YashProject\AdminCollegeAPP\caches\8.4\javaCompile\classAnalysis.bin)
2024-04-16T04:10:35.604+0530 [DEBUG] [org.gradle.cache.internal.DefaultFileLockManager] Releasing lock on Java compile cache (C:\Users\DELL\Videos\YashProject\AdminCollegeAPP\caches\8.4\javaCompile).
Daemon vm is shutting down... The daemon has exited normally or was terminated in response to a user interrupt.
2024-04-16T04:10:35.605+0530 [DEBUG] [org.gradle.launcher.daemon.registry.PersistentDaemonRegistry] Removing daemon address: [572ec407-bc06-4837-9c12-4b7bbc31e966 port:58223, addresses:[localhost/127.0.0.1]]
2024-04-16T04:10:35.606+0530 [DEBUG] [org.gradle.cache.internal.DefaultFileLockManager] Waiting to acquire exclusive lock on daemon addresses registry.
2024-04-16T04:10:35.606+0530 [DEBUG] [org.gradle.cache.internal.DefaultFileLockManager] Lock acquired on daemon addresses registry.
2024-04-16T04:10:35.607+0530 [DEBUG] [org.gradle.cache.internal.DefaultFileLockManager] Releasing lock on daemon addresses registry.
